ARM GAS  /tmp/ccwqM14D.s 			page 1


   1              		.cpu cortex-m7
   2              		.arch armv7e-m
   3              		.fpu fpv5-d16
   4              		.eabi_attribute 28, 1
   5              		.eabi_attribute 20, 1
   6              		.eabi_attribute 21, 1
   7              		.eabi_attribute 23, 3
   8              		.eabi_attribute 24, 1
   9              		.eabi_attribute 25, 1
  10              		.eabi_attribute 26, 1
  11              		.eabi_attribute 30, 1
  12              		.eabi_attribute 34, 1
  13              		.eabi_attribute 18, 4
  14              		.file	"dma.c"
  15              		.text
  16              	.Ltext0:
  17              		.cfi_sections	.debug_frame
  18              		.section	.text.MX_DMA_Init,"ax",%progbits
  19              		.align	1
  20              		.global	MX_DMA_Init
  21              		.syntax unified
  22              		.thumb
  23              		.thumb_func
  25              	MX_DMA_Init:
  26              	.LFB141:
  27              		.file 1 "Core/Src/dma.c"
   1:Core/Src/dma.c **** /* USER CODE BEGIN Header */
   2:Core/Src/dma.c **** /**
   3:Core/Src/dma.c ****   ******************************************************************************
   4:Core/Src/dma.c ****   * @file    dma.c
   5:Core/Src/dma.c ****   * @brief   This file provides code for the configuration
   6:Core/Src/dma.c ****   *          of all the requested memory to memory DMA transfers.
   7:Core/Src/dma.c ****   ******************************************************************************
   8:Core/Src/dma.c ****   * @attention
   9:Core/Src/dma.c ****   *
  10:Core/Src/dma.c ****   * Copyright (c) 2023 STMicroelectronics.
  11:Core/Src/dma.c ****   * All rights reserved.
  12:Core/Src/dma.c ****   *
  13:Core/Src/dma.c ****   * This software is licensed under terms that can be found in the LICENSE file
  14:Core/Src/dma.c ****   * in the root directory of this software component.
  15:Core/Src/dma.c ****   * If no LICENSE file comes with this software, it is provided AS-IS.
  16:Core/Src/dma.c ****   *
  17:Core/Src/dma.c ****   ******************************************************************************
  18:Core/Src/dma.c ****   */
  19:Core/Src/dma.c **** /* USER CODE END Header */
  20:Core/Src/dma.c **** 
  21:Core/Src/dma.c **** /* Includes ------------------------------------------------------------------*/
  22:Core/Src/dma.c **** #include "dma.h"
  23:Core/Src/dma.c **** 
  24:Core/Src/dma.c **** /* USER CODE BEGIN 0 */
  25:Core/Src/dma.c **** 
  26:Core/Src/dma.c **** /* USER CODE END 0 */
  27:Core/Src/dma.c **** 
  28:Core/Src/dma.c **** /*----------------------------------------------------------------------------*/
  29:Core/Src/dma.c **** /* Configure DMA                                                              */
  30:Core/Src/dma.c **** /*----------------------------------------------------------------------------*/
  31:Core/Src/dma.c **** 
ARM GAS  /tmp/ccwqM14D.s 			page 2


  32:Core/Src/dma.c **** /* USER CODE BEGIN 1 */
  33:Core/Src/dma.c **** 
  34:Core/Src/dma.c **** /* USER CODE END 1 */
  35:Core/Src/dma.c **** 
  36:Core/Src/dma.c **** /**
  37:Core/Src/dma.c ****   * Enable DMA controller clock
  38:Core/Src/dma.c ****   */
  39:Core/Src/dma.c **** void MX_DMA_Init(void)
  40:Core/Src/dma.c **** {
  28              		.loc 1 40 1 view -0
  29              		.cfi_startproc
  30              		@ args = 0, pretend = 0, frame = 8
  31              		@ frame_needed = 0, uses_anonymous_args = 0
  32 0000 00B5     		push	{lr}
  33              	.LCFI0:
  34              		.cfi_def_cfa_offset 4
  35              		.cfi_offset 14, -4
  36 0002 83B0     		sub	sp, sp, #12
  37              	.LCFI1:
  38              		.cfi_def_cfa_offset 16
  41:Core/Src/dma.c **** 
  42:Core/Src/dma.c ****   /* DMA controller clock enable */
  43:Core/Src/dma.c ****   __HAL_RCC_DMA1_CLK_ENABLE();
  39              		.loc 1 43 3 view .LVU1
  40              	.LBB2:
  41              		.loc 1 43 3 view .LVU2
  42              		.loc 1 43 3 view .LVU3
  43 0004 0E4B     		ldr	r3, .L3
  44 0006 1A6B     		ldr	r2, [r3, #48]
  45 0008 42F40012 		orr	r2, r2, #2097152
  46 000c 1A63     		str	r2, [r3, #48]
  47              		.loc 1 43 3 view .LVU4
  48 000e 1B6B     		ldr	r3, [r3, #48]
  49 0010 03F40013 		and	r3, r3, #2097152
  50 0014 0193     		str	r3, [sp, #4]
  51              		.loc 1 43 3 view .LVU5
  52 0016 019B     		ldr	r3, [sp, #4]
  53              	.LBE2:
  54              		.loc 1 43 3 view .LVU6
  44:Core/Src/dma.c **** 
  45:Core/Src/dma.c ****   /* DMA interrupt init */
  46:Core/Src/dma.c ****   /* DMA1_Stream1_IRQn interrupt configuration */
  47:Core/Src/dma.c ****   HAL_NVIC_SetPriority(DMA1_Stream1_IRQn, 5, 0);
  55              		.loc 1 47 3 view .LVU7
  56 0018 0022     		movs	r2, #0
  57 001a 0521     		movs	r1, #5
  58 001c 0C20     		movs	r0, #12
  59 001e FFF7FEFF 		bl	HAL_NVIC_SetPriority
  60              	.LVL0:
  48:Core/Src/dma.c ****   HAL_NVIC_EnableIRQ(DMA1_Stream1_IRQn);
  61              		.loc 1 48 3 view .LVU8
  62 0022 0C20     		movs	r0, #12
  63 0024 FFF7FEFF 		bl	HAL_NVIC_EnableIRQ
  64              	.LVL1:
  49:Core/Src/dma.c ****   /* DMA1_Stream3_IRQn interrupt configuration */
  50:Core/Src/dma.c ****   HAL_NVIC_SetPriority(DMA1_Stream3_IRQn, 5, 0);
  65              		.loc 1 50 3 view .LVU9
ARM GAS  /tmp/ccwqM14D.s 			page 3


  66 0028 0022     		movs	r2, #0
  67 002a 0521     		movs	r1, #5
  68 002c 0E20     		movs	r0, #14
  69 002e FFF7FEFF 		bl	HAL_NVIC_SetPriority
  70              	.LVL2:
  51:Core/Src/dma.c ****   HAL_NVIC_EnableIRQ(DMA1_Stream3_IRQn);
  71              		.loc 1 51 3 view .LVU10
  72 0032 0E20     		movs	r0, #14
  73 0034 FFF7FEFF 		bl	HAL_NVIC_EnableIRQ
  74              	.LVL3:
  52:Core/Src/dma.c **** 
  53:Core/Src/dma.c **** }
  75              		.loc 1 53 1 is_stmt 0 view .LVU11
  76 0038 03B0     		add	sp, sp, #12
  77              	.LCFI2:
  78              		.cfi_def_cfa_offset 4
  79              		@ sp needed
  80 003a 5DF804FB 		ldr	pc, [sp], #4
  81              	.L4:
  82 003e 00BF     		.align	2
  83              	.L3:
  84 0040 00380240 		.word	1073887232
  85              		.cfi_endproc
  86              	.LFE141:
  88              		.text
  89              	.Letext0:
  90              		.file 2 "Drivers/CMSIS/Device/ST/STM32F7xx/Include/stm32f767xx.h"
  91              		.file 3 "/home/romet/st/stm32cubeide_1.13.2_2/plugins/com.st.stm32cube.ide.mcu.externaltools.gnu-t
  92              		.file 4 "/home/romet/st/stm32cubeide_1.13.2_2/plugins/com.st.stm32cube.ide.mcu.externaltools.gnu-t
  93              		.file 5 "Drivers/STM32F7xx_HAL_Driver/Inc/stm32f7xx_hal_cortex.h"
ARM GAS  /tmp/ccwqM14D.s 			page 4


DEFINED SYMBOLS
                            *ABS*:0000000000000000 dma.c
     /tmp/ccwqM14D.s:19     .text.MX_DMA_Init:0000000000000000 $t
     /tmp/ccwqM14D.s:25     .text.MX_DMA_Init:0000000000000000 MX_DMA_Init
     /tmp/ccwqM14D.s:84     .text.MX_DMA_Init:0000000000000040 $d

UNDEFINED SYMBOLS
HAL_NVIC_SetPriority
HAL_NVIC_EnableIRQ
