ARM GAS  /tmp/ccAtHOzb.s 			page 1


   1              		.cpu cortex-m7
   2              		.arch armv7e-m
   3              		.fpu fpv5-d16
   4              		.eabi_attribute 28, 1
   5              		.eabi_attribute 20, 1
   6              		.eabi_attribute 21, 1
   7              		.eabi_attribute 23, 3
   8              		.eabi_attribute 24, 1
   9              		.eabi_attribute 25, 1
  10              		.eabi_attribute 26, 1
  11              		.eabi_attribute 30, 1
  12              		.eabi_attribute 34, 1
  13              		.eabi_attribute 18, 4
  14              		.file	"dma_transport.c"
  15              		.text
  16              	.Ltext0:
  17              		.cfi_sections	.debug_frame
  18              		.section	.text.cubemx_transport_open,"ax",%progbits
  19              		.align	1
  20              		.global	cubemx_transport_open
  21              		.syntax unified
  22              		.thumb
  23              		.thumb_func
  25              	cubemx_transport_open:
  26              	.LVL0:
  27              	.LFB148:
  28              		.file 1 "micro_ros_stm32cubemx_utils/extra_sources/microros_transports/dma_transport.c"
   1:micro_ros_stm32cubemx_utils/extra_sources/microros_transports/dma_transport.c **** #include <uxr/client/transport.h>
   2:micro_ros_stm32cubemx_utils/extra_sources/microros_transports/dma_transport.c **** 
   3:micro_ros_stm32cubemx_utils/extra_sources/microros_transports/dma_transport.c **** #include <rmw_microxrcedds_c/config.h>
   4:micro_ros_stm32cubemx_utils/extra_sources/microros_transports/dma_transport.c **** 
   5:micro_ros_stm32cubemx_utils/extra_sources/microros_transports/dma_transport.c **** #include "main.h"
   6:micro_ros_stm32cubemx_utils/extra_sources/microros_transports/dma_transport.c **** #include "cmsis_os.h"
   7:micro_ros_stm32cubemx_utils/extra_sources/microros_transports/dma_transport.c **** 
   8:micro_ros_stm32cubemx_utils/extra_sources/microros_transports/dma_transport.c **** #include <unistd.h>
   9:micro_ros_stm32cubemx_utils/extra_sources/microros_transports/dma_transport.c **** #include <stdio.h>
  10:micro_ros_stm32cubemx_utils/extra_sources/microros_transports/dma_transport.c **** #include <string.h>
  11:micro_ros_stm32cubemx_utils/extra_sources/microros_transports/dma_transport.c **** #include <stdbool.h>
  12:micro_ros_stm32cubemx_utils/extra_sources/microros_transports/dma_transport.c **** 
  13:micro_ros_stm32cubemx_utils/extra_sources/microros_transports/dma_transport.c **** #ifdef RMW_UXRCE_TRANSPORT_CUSTOM
  14:micro_ros_stm32cubemx_utils/extra_sources/microros_transports/dma_transport.c **** 
  15:micro_ros_stm32cubemx_utils/extra_sources/microros_transports/dma_transport.c **** // --- micro-ROS Transports ---
  16:micro_ros_stm32cubemx_utils/extra_sources/microros_transports/dma_transport.c **** #define UART_DMA_BUFFER_SIZE 2048
  17:micro_ros_stm32cubemx_utils/extra_sources/microros_transports/dma_transport.c **** 
  18:micro_ros_stm32cubemx_utils/extra_sources/microros_transports/dma_transport.c **** static uint8_t dma_buffer[UART_DMA_BUFFER_SIZE];
  19:micro_ros_stm32cubemx_utils/extra_sources/microros_transports/dma_transport.c **** static size_t dma_head = 0, dma_tail = 0;
  20:micro_ros_stm32cubemx_utils/extra_sources/microros_transports/dma_transport.c **** 
  21:micro_ros_stm32cubemx_utils/extra_sources/microros_transports/dma_transport.c **** bool cubemx_transport_open(struct uxrCustomTransport * transport){
  29              		.loc 1 21 66 view -0
  30              		.cfi_startproc
  31              		@ args = 0, pretend = 0, frame = 0
  32              		@ frame_needed = 0, uses_anonymous_args = 0
  33              		.loc 1 21 66 is_stmt 0 view .LVU1
  34 0000 08B5     		push	{r3, lr}
  35              	.LCFI0:
  36              		.cfi_def_cfa_offset 8
  37              		.cfi_offset 3, -8
ARM GAS  /tmp/ccAtHOzb.s 			page 2


  38              		.cfi_offset 14, -4
  22:micro_ros_stm32cubemx_utils/extra_sources/microros_transports/dma_transport.c ****     UART_HandleTypeDef * uart = (UART_HandleTypeDef*) transport->args;
  39              		.loc 1 22 5 is_stmt 1 view .LVU2
  40              	.LVL1:
  23:micro_ros_stm32cubemx_utils/extra_sources/microros_transports/dma_transport.c ****     HAL_UART_Receive_DMA(uart, dma_buffer, UART_DMA_BUFFER_SIZE);
  41              		.loc 1 23 5 view .LVU3
  42 0002 4FF40062 		mov	r2, #2048
  43 0006 0349     		ldr	r1, .L3
  44 0008 D0F88C02 		ldr	r0, [r0, #652]
  45              	.LVL2:
  46              		.loc 1 23 5 is_stmt 0 view .LVU4
  47 000c FFF7FEFF 		bl	HAL_UART_Receive_DMA
  48              	.LVL3:
  24:micro_ros_stm32cubemx_utils/extra_sources/microros_transports/dma_transport.c ****     return true;
  49              		.loc 1 24 5 is_stmt 1 view .LVU5
  25:micro_ros_stm32cubemx_utils/extra_sources/microros_transports/dma_transport.c **** }
  50              		.loc 1 25 1 is_stmt 0 view .LVU6
  51 0010 0120     		movs	r0, #1
  52 0012 08BD     		pop	{r3, pc}
  53              	.L4:
  54              		.align	2
  55              	.L3:
  56 0014 00000000 		.word	.LANCHOR0
  57              		.cfi_endproc
  58              	.LFE148:
  60              		.section	.text.cubemx_transport_close,"ax",%progbits
  61              		.align	1
  62              		.global	cubemx_transport_close
  63              		.syntax unified
  64              		.thumb
  65              		.thumb_func
  67              	cubemx_transport_close:
  68              	.LVL4:
  69              	.LFB149:
  26:micro_ros_stm32cubemx_utils/extra_sources/microros_transports/dma_transport.c **** 
  27:micro_ros_stm32cubemx_utils/extra_sources/microros_transports/dma_transport.c **** bool cubemx_transport_close(struct uxrCustomTransport * transport){
  70              		.loc 1 27 67 is_stmt 1 view -0
  71              		.cfi_startproc
  72              		@ args = 0, pretend = 0, frame = 0
  73              		@ frame_needed = 0, uses_anonymous_args = 0
  74              		.loc 1 27 67 is_stmt 0 view .LVU8
  75 0000 08B5     		push	{r3, lr}
  76              	.LCFI1:
  77              		.cfi_def_cfa_offset 8
  78              		.cfi_offset 3, -8
  79              		.cfi_offset 14, -4
  28:micro_ros_stm32cubemx_utils/extra_sources/microros_transports/dma_transport.c ****     UART_HandleTypeDef * uart = (UART_HandleTypeDef*) transport->args;
  80              		.loc 1 28 5 is_stmt 1 view .LVU9
  81              	.LVL5:
  29:micro_ros_stm32cubemx_utils/extra_sources/microros_transports/dma_transport.c ****     HAL_UART_DMAStop(uart);
  82              		.loc 1 29 5 view .LVU10
  83 0002 D0F88C02 		ldr	r0, [r0, #652]
  84              	.LVL6:
  85              		.loc 1 29 5 is_stmt 0 view .LVU11
  86 0006 FFF7FEFF 		bl	HAL_UART_DMAStop
  87              	.LVL7:
  30:micro_ros_stm32cubemx_utils/extra_sources/microros_transports/dma_transport.c ****     return true;
ARM GAS  /tmp/ccAtHOzb.s 			page 3


  88              		.loc 1 30 5 is_stmt 1 view .LVU12
  31:micro_ros_stm32cubemx_utils/extra_sources/microros_transports/dma_transport.c **** }
  89              		.loc 1 31 1 is_stmt 0 view .LVU13
  90 000a 0120     		movs	r0, #1
  91 000c 08BD     		pop	{r3, pc}
  92              		.cfi_endproc
  93              	.LFE149:
  95              		.section	.text.cubemx_transport_write,"ax",%progbits
  96              		.align	1
  97              		.global	cubemx_transport_write
  98              		.syntax unified
  99              		.thumb
 100              		.thumb_func
 102              	cubemx_transport_write:
 103              	.LVL8:
 104              	.LFB150:
  32:micro_ros_stm32cubemx_utils/extra_sources/microros_transports/dma_transport.c **** 
  33:micro_ros_stm32cubemx_utils/extra_sources/microros_transports/dma_transport.c **** size_t cubemx_transport_write(struct uxrCustomTransport* transport, uint8_t * buf, size_t len, uint
 105              		.loc 1 33 110 is_stmt 1 view -0
 106              		.cfi_startproc
 107              		@ args = 0, pretend = 0, frame = 0
 108              		@ frame_needed = 0, uses_anonymous_args = 0
 109              		.loc 1 33 110 is_stmt 0 view .LVU15
 110 0000 70B5     		push	{r4, r5, r6, lr}
 111              	.LCFI2:
 112              		.cfi_def_cfa_offset 16
 113              		.cfi_offset 4, -16
 114              		.cfi_offset 5, -12
 115              		.cfi_offset 6, -8
 116              		.cfi_offset 14, -4
  34:micro_ros_stm32cubemx_utils/extra_sources/microros_transports/dma_transport.c ****     UART_HandleTypeDef * uart = (UART_HandleTypeDef*) transport->args;
 117              		.loc 1 34 5 is_stmt 1 view .LVU16
 118              		.loc 1 34 26 is_stmt 0 view .LVU17
 119 0002 D0F88C52 		ldr	r5, [r0, #652]
 120              	.LVL9:
  35:micro_ros_stm32cubemx_utils/extra_sources/microros_transports/dma_transport.c **** 
  36:micro_ros_stm32cubemx_utils/extra_sources/microros_transports/dma_transport.c ****     HAL_StatusTypeDef ret;
 121              		.loc 1 36 5 is_stmt 1 view .LVU18
  37:micro_ros_stm32cubemx_utils/extra_sources/microros_transports/dma_transport.c ****     if (uart->gState == HAL_UART_STATE_READY){
 122              		.loc 1 37 5 view .LVU19
 123              		.loc 1 37 13 is_stmt 0 view .LVU20
 124 0006 EB6F     		ldr	r3, [r5, #124]
 125              	.LVL10:
 126              		.loc 1 37 8 view .LVU21
 127 0008 202B     		cmp	r3, #32
 128 000a 01D0     		beq	.L16
  38:micro_ros_stm32cubemx_utils/extra_sources/microros_transports/dma_transport.c ****         ret = HAL_UART_Transmit_DMA(uart, buf, len);
  39:micro_ros_stm32cubemx_utils/extra_sources/microros_transports/dma_transport.c ****         while (ret == HAL_OK && uart->gState != HAL_UART_STATE_READY){
  40:micro_ros_stm32cubemx_utils/extra_sources/microros_transports/dma_transport.c ****             osDelay(1);
  41:micro_ros_stm32cubemx_utils/extra_sources/microros_transports/dma_transport.c ****         }
  42:micro_ros_stm32cubemx_utils/extra_sources/microros_transports/dma_transport.c **** 
  43:micro_ros_stm32cubemx_utils/extra_sources/microros_transports/dma_transport.c ****         return (ret == HAL_OK) ? len : 0;
  44:micro_ros_stm32cubemx_utils/extra_sources/microros_transports/dma_transport.c ****     }else{
  45:micro_ros_stm32cubemx_utils/extra_sources/microros_transports/dma_transport.c ****         return 0;
 129              		.loc 1 45 16 view .LVU22
 130 000c 0020     		movs	r0, #0
 131              	.LVL11:
ARM GAS  /tmp/ccAtHOzb.s 			page 4


 132              	.L7:
  46:micro_ros_stm32cubemx_utils/extra_sources/microros_transports/dma_transport.c ****     }
  47:micro_ros_stm32cubemx_utils/extra_sources/microros_transports/dma_transport.c **** }
 133              		.loc 1 47 1 view .LVU23
 134 000e 70BD     		pop	{r4, r5, r6, pc}
 135              	.LVL12:
 136              	.L16:
 137              		.loc 1 47 1 view .LVU24
 138 0010 1446     		mov	r4, r2
  38:micro_ros_stm32cubemx_utils/extra_sources/microros_transports/dma_transport.c ****         ret = HAL_UART_Transmit_DMA(uart, buf, len);
 139              		.loc 1 38 9 is_stmt 1 view .LVU25
  38:micro_ros_stm32cubemx_utils/extra_sources/microros_transports/dma_transport.c ****         ret = HAL_UART_Transmit_DMA(uart, buf, len);
 140              		.loc 1 38 15 is_stmt 0 view .LVU26
 141 0012 92B2     		uxth	r2, r2
 142              	.LVL13:
  38:micro_ros_stm32cubemx_utils/extra_sources/microros_transports/dma_transport.c ****         ret = HAL_UART_Transmit_DMA(uart, buf, len);
 143              		.loc 1 38 15 view .LVU27
 144 0014 2846     		mov	r0, r5
 145              	.LVL14:
  38:micro_ros_stm32cubemx_utils/extra_sources/microros_transports/dma_transport.c ****         ret = HAL_UART_Transmit_DMA(uart, buf, len);
 146              		.loc 1 38 15 view .LVU28
 147 0016 FFF7FEFF 		bl	HAL_UART_Transmit_DMA
 148              	.LVL15:
  38:micro_ros_stm32cubemx_utils/extra_sources/microros_transports/dma_transport.c ****         ret = HAL_UART_Transmit_DMA(uart, buf, len);
 149              		.loc 1 38 15 view .LVU29
 150 001a 0646     		mov	r6, r0
 151              	.LVL16:
  39:micro_ros_stm32cubemx_utils/extra_sources/microros_transports/dma_transport.c ****             osDelay(1);
 152              		.loc 1 39 9 is_stmt 1 view .LVU30
 153              	.L9:
  39:micro_ros_stm32cubemx_utils/extra_sources/microros_transports/dma_transport.c ****             osDelay(1);
 154              		.loc 1 39 30 view .LVU31
 155 001c 36B9     		cbnz	r6, .L10
  39:micro_ros_stm32cubemx_utils/extra_sources/microros_transports/dma_transport.c ****             osDelay(1);
 156              		.loc 1 39 37 is_stmt 0 discriminator 1 view .LVU32
 157 001e EB6F     		ldr	r3, [r5, #124]
  39:micro_ros_stm32cubemx_utils/extra_sources/microros_transports/dma_transport.c ****             osDelay(1);
 158              		.loc 1 39 30 discriminator 1 view .LVU33
 159 0020 202B     		cmp	r3, #32
 160 0022 03D0     		beq	.L10
  40:micro_ros_stm32cubemx_utils/extra_sources/microros_transports/dma_transport.c ****         }
 161              		.loc 1 40 13 is_stmt 1 view .LVU34
 162 0024 0120     		movs	r0, #1
 163 0026 FFF7FEFF 		bl	osDelay
 164              	.LVL17:
 165 002a F7E7     		b	.L9
 166              	.L10:
  43:micro_ros_stm32cubemx_utils/extra_sources/microros_transports/dma_transport.c ****     }else{
 167              		.loc 1 43 9 view .LVU35
  43:micro_ros_stm32cubemx_utils/extra_sources/microros_transports/dma_transport.c ****     }else{
 168              		.loc 1 43 38 is_stmt 0 view .LVU36
 169 002c 0EB9     		cbnz	r6, .L14
 170 002e 2046     		mov	r0, r4
 171 0030 EDE7     		b	.L7
 172              	.L14:
  43:micro_ros_stm32cubemx_utils/extra_sources/microros_transports/dma_transport.c ****     }else{
 173              		.loc 1 43 38 view .LVU37
ARM GAS  /tmp/ccAtHOzb.s 			page 5


 174 0032 0020     		movs	r0, #0
 175 0034 EBE7     		b	.L7
 176              		.cfi_endproc
 177              	.LFE150:
 179              		.section	.text.cubemx_transport_read,"ax",%progbits
 180              		.align	1
 181              		.global	cubemx_transport_read
 182              		.syntax unified
 183              		.thumb
 184              		.thumb_func
 186              	cubemx_transport_read:
 187              	.LVL18:
 188              	.LFB151:
  48:micro_ros_stm32cubemx_utils/extra_sources/microros_transports/dma_transport.c **** 
  49:micro_ros_stm32cubemx_utils/extra_sources/microros_transports/dma_transport.c **** size_t cubemx_transport_read(struct uxrCustomTransport* transport, uint8_t* buf, size_t len, int ti
 189              		.loc 1 49 120 is_stmt 1 view -0
 190              		.cfi_startproc
 191              		@ args = 4, pretend = 0, frame = 0
 192              		@ frame_needed = 0, uses_anonymous_args = 0
 193              		.loc 1 49 120 is_stmt 0 view .LVU39
 194 0000 2DE9F843 		push	{r3, r4, r5, r6, r7, r8, r9, lr}
 195              	.LCFI3:
 196              		.cfi_def_cfa_offset 32
 197              		.cfi_offset 3, -32
 198              		.cfi_offset 4, -28
 199              		.cfi_offset 5, -24
 200              		.cfi_offset 6, -20
 201              		.cfi_offset 7, -16
 202              		.cfi_offset 8, -12
 203              		.cfi_offset 9, -8
 204              		.cfi_offset 14, -4
 205 0004 0D46     		mov	r5, r1
 206 0006 1446     		mov	r4, r2
 207 0008 1F46     		mov	r7, r3
  50:micro_ros_stm32cubemx_utils/extra_sources/microros_transports/dma_transport.c ****     UART_HandleTypeDef * uart = (UART_HandleTypeDef*) transport->args;
 208              		.loc 1 50 5 is_stmt 1 view .LVU40
 209              		.loc 1 50 26 is_stmt 0 view .LVU41
 210 000a D0F88C82 		ldr	r8, [r0, #652]
 211              	.LVL19:
  51:micro_ros_stm32cubemx_utils/extra_sources/microros_transports/dma_transport.c **** 
  52:micro_ros_stm32cubemx_utils/extra_sources/microros_transports/dma_transport.c ****     int ms_used = 0;
 212              		.loc 1 52 5 is_stmt 1 view .LVU42
 213              		.loc 1 52 9 is_stmt 0 view .LVU43
 214 000e 0026     		movs	r6, #0
 215              	.LVL20:
 216              	.L19:
  53:micro_ros_stm32cubemx_utils/extra_sources/microros_transports/dma_transport.c ****     do
 217              		.loc 1 53 5 is_stmt 1 discriminator 2 view .LVU44
  54:micro_ros_stm32cubemx_utils/extra_sources/microros_transports/dma_transport.c ****     {
  55:micro_ros_stm32cubemx_utils/extra_sources/microros_transports/dma_transport.c ****         __disable_irq();
 218              		.loc 1 55 9 discriminator 2 view .LVU45
 219              	.LBB6:
 220              	.LBI6:
 221              		.file 2 "Drivers/CMSIS/Include/cmsis_gcc.h"
   1:Drivers/CMSIS/Include/cmsis_gcc.h **** /**************************************************************************//**
   2:Drivers/CMSIS/Include/cmsis_gcc.h ****  * @file     cmsis_gcc.h
   3:Drivers/CMSIS/Include/cmsis_gcc.h ****  * @brief    CMSIS compiler GCC header file
ARM GAS  /tmp/ccAtHOzb.s 			page 6


   4:Drivers/CMSIS/Include/cmsis_gcc.h ****  * @version  V5.0.4
   5:Drivers/CMSIS/Include/cmsis_gcc.h ****  * @date     09. April 2018
   6:Drivers/CMSIS/Include/cmsis_gcc.h ****  ******************************************************************************/
   7:Drivers/CMSIS/Include/cmsis_gcc.h **** /*
   8:Drivers/CMSIS/Include/cmsis_gcc.h ****  * Copyright (c) 2009-2018 Arm Limited. All rights reserved.
   9:Drivers/CMSIS/Include/cmsis_gcc.h ****  *
  10:Drivers/CMSIS/Include/cmsis_gcc.h ****  * SPDX-License-Identifier: Apache-2.0
  11:Drivers/CMSIS/Include/cmsis_gcc.h ****  *
  12:Drivers/CMSIS/Include/cmsis_gcc.h ****  * Licensed under the Apache License, Version 2.0 (the License); you may
  13:Drivers/CMSIS/Include/cmsis_gcc.h ****  * not use this file except in compliance with the License.
  14:Drivers/CMSIS/Include/cmsis_gcc.h ****  * You may obtain a copy of the License at
  15:Drivers/CMSIS/Include/cmsis_gcc.h ****  *
  16:Drivers/CMSIS/Include/cmsis_gcc.h ****  * www.apache.org/licenses/LICENSE-2.0
  17:Drivers/CMSIS/Include/cmsis_gcc.h ****  *
  18:Drivers/CMSIS/Include/cmsis_gcc.h ****  * Unless required by applicable law or agreed to in writing, software
  19:Drivers/CMSIS/Include/cmsis_gcc.h ****  * distributed under the License is distributed on an AS IS BASIS, WITHOUT
  20:Drivers/CMSIS/Include/cmsis_gcc.h ****  * WARRANTIES OR CONDITIONS OF ANY KIND, either express or implied.
  21:Drivers/CMSIS/Include/cmsis_gcc.h ****  * See the License for the specific language governing permissions and
  22:Drivers/CMSIS/Include/cmsis_gcc.h ****  * limitations under the License.
  23:Drivers/CMSIS/Include/cmsis_gcc.h ****  */
  24:Drivers/CMSIS/Include/cmsis_gcc.h **** 
  25:Drivers/CMSIS/Include/cmsis_gcc.h **** #ifndef __CMSIS_GCC_H
  26:Drivers/CMSIS/Include/cmsis_gcc.h **** #define __CMSIS_GCC_H
  27:Drivers/CMSIS/Include/cmsis_gcc.h **** 
  28:Drivers/CMSIS/Include/cmsis_gcc.h **** /* ignore some GCC warnings */
  29:Drivers/CMSIS/Include/cmsis_gcc.h **** #pragma GCC diagnostic push
  30:Drivers/CMSIS/Include/cmsis_gcc.h **** #pragma GCC diagnostic ignored "-Wsign-conversion"
  31:Drivers/CMSIS/Include/cmsis_gcc.h **** #pragma GCC diagnostic ignored "-Wconversion"
  32:Drivers/CMSIS/Include/cmsis_gcc.h **** #pragma GCC diagnostic ignored "-Wunused-parameter"
  33:Drivers/CMSIS/Include/cmsis_gcc.h **** 
  34:Drivers/CMSIS/Include/cmsis_gcc.h **** /* Fallback for __has_builtin */
  35:Drivers/CMSIS/Include/cmsis_gcc.h **** #ifndef __has_builtin
  36:Drivers/CMSIS/Include/cmsis_gcc.h ****   #define __has_builtin(x) (0)
  37:Drivers/CMSIS/Include/cmsis_gcc.h **** #endif
  38:Drivers/CMSIS/Include/cmsis_gcc.h **** 
  39:Drivers/CMSIS/Include/cmsis_gcc.h **** /* CMSIS compiler specific defines */
  40:Drivers/CMSIS/Include/cmsis_gcc.h **** #ifndef   __ASM
  41:Drivers/CMSIS/Include/cmsis_gcc.h ****   #define __ASM                                  __asm
  42:Drivers/CMSIS/Include/cmsis_gcc.h **** #endif
  43:Drivers/CMSIS/Include/cmsis_gcc.h **** #ifndef   __INLINE
  44:Drivers/CMSIS/Include/cmsis_gcc.h ****   #define __INLINE                               inline
  45:Drivers/CMSIS/Include/cmsis_gcc.h **** #endif
  46:Drivers/CMSIS/Include/cmsis_gcc.h **** #ifndef   __STATIC_INLINE
  47:Drivers/CMSIS/Include/cmsis_gcc.h ****   #define __STATIC_INLINE                        static inline
  48:Drivers/CMSIS/Include/cmsis_gcc.h **** #endif
  49:Drivers/CMSIS/Include/cmsis_gcc.h **** #ifndef   __STATIC_FORCEINLINE                 
  50:Drivers/CMSIS/Include/cmsis_gcc.h ****   #define __STATIC_FORCEINLINE                   __attribute__((always_inline)) static inline
  51:Drivers/CMSIS/Include/cmsis_gcc.h **** #endif                                           
  52:Drivers/CMSIS/Include/cmsis_gcc.h **** #ifndef   __NO_RETURN
  53:Drivers/CMSIS/Include/cmsis_gcc.h ****   #define __NO_RETURN                            __attribute__((__noreturn__))
  54:Drivers/CMSIS/Include/cmsis_gcc.h **** #endif
  55:Drivers/CMSIS/Include/cmsis_gcc.h **** #ifndef   __USED
  56:Drivers/CMSIS/Include/cmsis_gcc.h ****   #define __USED                                 __attribute__((used))
  57:Drivers/CMSIS/Include/cmsis_gcc.h **** #endif
  58:Drivers/CMSIS/Include/cmsis_gcc.h **** #ifndef   __WEAK
  59:Drivers/CMSIS/Include/cmsis_gcc.h ****   #define __WEAK                                 __attribute__((weak))
  60:Drivers/CMSIS/Include/cmsis_gcc.h **** #endif
ARM GAS  /tmp/ccAtHOzb.s 			page 7


  61:Drivers/CMSIS/Include/cmsis_gcc.h **** #ifndef   __PACKED
  62:Drivers/CMSIS/Include/cmsis_gcc.h ****   #define __PACKED                               __attribute__((packed, aligned(1)))
  63:Drivers/CMSIS/Include/cmsis_gcc.h **** #endif
  64:Drivers/CMSIS/Include/cmsis_gcc.h **** #ifndef   __PACKED_STRUCT
  65:Drivers/CMSIS/Include/cmsis_gcc.h ****   #define __PACKED_STRUCT                        struct __attribute__((packed, aligned(1)))
  66:Drivers/CMSIS/Include/cmsis_gcc.h **** #endif
  67:Drivers/CMSIS/Include/cmsis_gcc.h **** #ifndef   __PACKED_UNION
  68:Drivers/CMSIS/Include/cmsis_gcc.h ****   #define __PACKED_UNION                         union __attribute__((packed, aligned(1)))
  69:Drivers/CMSIS/Include/cmsis_gcc.h **** #endif
  70:Drivers/CMSIS/Include/cmsis_gcc.h **** #ifndef   __UNALIGNED_UINT32        /* deprecated */
  71:Drivers/CMSIS/Include/cmsis_gcc.h ****   #pragma GCC diagnostic push
  72:Drivers/CMSIS/Include/cmsis_gcc.h ****   #pragma GCC diagnostic ignored "-Wpacked"
  73:Drivers/CMSIS/Include/cmsis_gcc.h ****   #pragma GCC diagnostic ignored "-Wattributes"
  74:Drivers/CMSIS/Include/cmsis_gcc.h ****   struct __attribute__((packed)) T_UINT32 { uint32_t v; };
  75:Drivers/CMSIS/Include/cmsis_gcc.h ****   #pragma GCC diagnostic pop
  76:Drivers/CMSIS/Include/cmsis_gcc.h ****   #define __UNALIGNED_UINT32(x)                  (((struct T_UINT32 *)(x))->v)
  77:Drivers/CMSIS/Include/cmsis_gcc.h **** #endif
  78:Drivers/CMSIS/Include/cmsis_gcc.h **** #ifndef   __UNALIGNED_UINT16_WRITE
  79:Drivers/CMSIS/Include/cmsis_gcc.h ****   #pragma GCC diagnostic push
  80:Drivers/CMSIS/Include/cmsis_gcc.h ****   #pragma GCC diagnostic ignored "-Wpacked"
  81:Drivers/CMSIS/Include/cmsis_gcc.h ****   #pragma GCC diagnostic ignored "-Wattributes"
  82:Drivers/CMSIS/Include/cmsis_gcc.h ****   __PACKED_STRUCT T_UINT16_WRITE { uint16_t v; };
  83:Drivers/CMSIS/Include/cmsis_gcc.h ****   #pragma GCC diagnostic pop
  84:Drivers/CMSIS/Include/cmsis_gcc.h ****   #define __UNALIGNED_UINT16_WRITE(addr, val)    (void)((((struct T_UINT16_WRITE *)(void *)(addr))-
  85:Drivers/CMSIS/Include/cmsis_gcc.h **** #endif
  86:Drivers/CMSIS/Include/cmsis_gcc.h **** #ifndef   __UNALIGNED_UINT16_READ
  87:Drivers/CMSIS/Include/cmsis_gcc.h ****   #pragma GCC diagnostic push
  88:Drivers/CMSIS/Include/cmsis_gcc.h ****   #pragma GCC diagnostic ignored "-Wpacked"
  89:Drivers/CMSIS/Include/cmsis_gcc.h ****   #pragma GCC diagnostic ignored "-Wattributes"
  90:Drivers/CMSIS/Include/cmsis_gcc.h ****   __PACKED_STRUCT T_UINT16_READ { uint16_t v; };
  91:Drivers/CMSIS/Include/cmsis_gcc.h ****   #pragma GCC diagnostic pop
  92:Drivers/CMSIS/Include/cmsis_gcc.h ****   #define __UNALIGNED_UINT16_READ(addr)          (((const struct T_UINT16_READ *)(const void *)(add
  93:Drivers/CMSIS/Include/cmsis_gcc.h **** #endif
  94:Drivers/CMSIS/Include/cmsis_gcc.h **** #ifndef   __UNALIGNED_UINT32_WRITE
  95:Drivers/CMSIS/Include/cmsis_gcc.h ****   #pragma GCC diagnostic push
  96:Drivers/CMSIS/Include/cmsis_gcc.h ****   #pragma GCC diagnostic ignored "-Wpacked"
  97:Drivers/CMSIS/Include/cmsis_gcc.h ****   #pragma GCC diagnostic ignored "-Wattributes"
  98:Drivers/CMSIS/Include/cmsis_gcc.h ****   __PACKED_STRUCT T_UINT32_WRITE { uint32_t v; };
  99:Drivers/CMSIS/Include/cmsis_gcc.h ****   #pragma GCC diagnostic pop
 100:Drivers/CMSIS/Include/cmsis_gcc.h ****   #define __UNALIGNED_UINT32_WRITE(addr, val)    (void)((((struct T_UINT32_WRITE *)(void *)(addr))-
 101:Drivers/CMSIS/Include/cmsis_gcc.h **** #endif
 102:Drivers/CMSIS/Include/cmsis_gcc.h **** #ifndef   __UNALIGNED_UINT32_READ
 103:Drivers/CMSIS/Include/cmsis_gcc.h ****   #pragma GCC diagnostic push
 104:Drivers/CMSIS/Include/cmsis_gcc.h ****   #pragma GCC diagnostic ignored "-Wpacked"
 105:Drivers/CMSIS/Include/cmsis_gcc.h ****   #pragma GCC diagnostic ignored "-Wattributes"
 106:Drivers/CMSIS/Include/cmsis_gcc.h ****   __PACKED_STRUCT T_UINT32_READ { uint32_t v; };
 107:Drivers/CMSIS/Include/cmsis_gcc.h ****   #pragma GCC diagnostic pop
 108:Drivers/CMSIS/Include/cmsis_gcc.h ****   #define __UNALIGNED_UINT32_READ(addr)          (((const struct T_UINT32_READ *)(const void *)(add
 109:Drivers/CMSIS/Include/cmsis_gcc.h **** #endif
 110:Drivers/CMSIS/Include/cmsis_gcc.h **** #ifndef   __ALIGNED
 111:Drivers/CMSIS/Include/cmsis_gcc.h ****   #define __ALIGNED(x)                           __attribute__((aligned(x)))
 112:Drivers/CMSIS/Include/cmsis_gcc.h **** #endif
 113:Drivers/CMSIS/Include/cmsis_gcc.h **** #ifndef   __RESTRICT
 114:Drivers/CMSIS/Include/cmsis_gcc.h ****   #define __RESTRICT                             __restrict
 115:Drivers/CMSIS/Include/cmsis_gcc.h **** #endif
 116:Drivers/CMSIS/Include/cmsis_gcc.h **** 
 117:Drivers/CMSIS/Include/cmsis_gcc.h **** 
ARM GAS  /tmp/ccAtHOzb.s 			page 8


 118:Drivers/CMSIS/Include/cmsis_gcc.h **** /* ###########################  Core Function Access  ########################### */
 119:Drivers/CMSIS/Include/cmsis_gcc.h **** /** \ingroup  CMSIS_Core_FunctionInterface
 120:Drivers/CMSIS/Include/cmsis_gcc.h ****     \defgroup CMSIS_Core_RegAccFunctions CMSIS Core Register Access Functions
 121:Drivers/CMSIS/Include/cmsis_gcc.h ****   @{
 122:Drivers/CMSIS/Include/cmsis_gcc.h ****  */
 123:Drivers/CMSIS/Include/cmsis_gcc.h **** 
 124:Drivers/CMSIS/Include/cmsis_gcc.h **** /**
 125:Drivers/CMSIS/Include/cmsis_gcc.h ****   \brief   Enable IRQ Interrupts
 126:Drivers/CMSIS/Include/cmsis_gcc.h ****   \details Enables IRQ interrupts by clearing the I-bit in the CPSR.
 127:Drivers/CMSIS/Include/cmsis_gcc.h ****            Can only be executed in Privileged modes.
 128:Drivers/CMSIS/Include/cmsis_gcc.h ****  */
 129:Drivers/CMSIS/Include/cmsis_gcc.h **** __STATIC_FORCEINLINE void __enable_irq(void)
 130:Drivers/CMSIS/Include/cmsis_gcc.h **** {
 131:Drivers/CMSIS/Include/cmsis_gcc.h ****   __ASM volatile ("cpsie i" : : : "memory");
 132:Drivers/CMSIS/Include/cmsis_gcc.h **** }
 133:Drivers/CMSIS/Include/cmsis_gcc.h **** 
 134:Drivers/CMSIS/Include/cmsis_gcc.h **** 
 135:Drivers/CMSIS/Include/cmsis_gcc.h **** /**
 136:Drivers/CMSIS/Include/cmsis_gcc.h ****   \brief   Disable IRQ Interrupts
 137:Drivers/CMSIS/Include/cmsis_gcc.h ****   \details Disables IRQ interrupts by setting the I-bit in the CPSR.
 138:Drivers/CMSIS/Include/cmsis_gcc.h ****            Can only be executed in Privileged modes.
 139:Drivers/CMSIS/Include/cmsis_gcc.h ****  */
 140:Drivers/CMSIS/Include/cmsis_gcc.h **** __STATIC_FORCEINLINE void __disable_irq(void)
 222              		.loc 2 140 27 discriminator 2 view .LVU46
 223              	.LBB7:
 141:Drivers/CMSIS/Include/cmsis_gcc.h **** {
 142:Drivers/CMSIS/Include/cmsis_gcc.h ****   __ASM volatile ("cpsid i" : : : "memory");
 224              		.loc 2 142 3 discriminator 2 view .LVU47
 225              		.syntax unified
 226              	@ 142 "Drivers/CMSIS/Include/cmsis_gcc.h" 1
 227 0010 72B6     		cpsid i
 228              	@ 0 "" 2
 229              		.thumb
 230              		.syntax unified
 231              	.LBE7:
 232              	.LBE6:
  56:micro_ros_stm32cubemx_utils/extra_sources/microros_transports/dma_transport.c ****         dma_tail = UART_DMA_BUFFER_SIZE - __HAL_DMA_GET_COUNTER(uart->hdmarx);
 233              		.loc 1 56 9 discriminator 2 view .LVU48
 234              		.loc 1 56 43 is_stmt 0 discriminator 2 view .LVU49
 235 0012 D8F87430 		ldr	r3, [r8, #116]
 236 0016 1B68     		ldr	r3, [r3]
 237 0018 5868     		ldr	r0, [r3, #4]
 238              		.loc 1 56 41 discriminator 2 view .LVU50
 239 001a C0F50060 		rsb	r0, r0, #2048
 240              		.loc 1 56 18 discriminator 2 view .LVU51
 241 001e DFF85490 		ldr	r9, .L25+8
 242 0022 C9F80000 		str	r0, [r9]
  57:micro_ros_stm32cubemx_utils/extra_sources/microros_transports/dma_transport.c ****         __enable_irq();
 243              		.loc 1 57 9 is_stmt 1 discriminator 2 view .LVU52
 244              	.LBB8:
 245              	.LBI8:
 129:Drivers/CMSIS/Include/cmsis_gcc.h **** {
 246              		.loc 2 129 27 discriminator 2 view .LVU53
 247              	.LBB9:
 131:Drivers/CMSIS/Include/cmsis_gcc.h **** }
 248              		.loc 2 131 3 discriminator 2 view .LVU54
 249              		.syntax unified
ARM GAS  /tmp/ccAtHOzb.s 			page 9


 250              	@ 131 "Drivers/CMSIS/Include/cmsis_gcc.h" 1
 251 0026 62B6     		cpsie i
 252              	@ 0 "" 2
 253              		.thumb
 254              		.syntax unified
 255              	.LBE9:
 256              	.LBE8:
  58:micro_ros_stm32cubemx_utils/extra_sources/microros_transports/dma_transport.c ****         ms_used++;
 257              		.loc 1 58 9 discriminator 2 view .LVU55
 258              		.loc 1 58 16 is_stmt 0 discriminator 2 view .LVU56
 259 0028 0136     		adds	r6, r6, #1
 260              	.LVL21:
  59:micro_ros_stm32cubemx_utils/extra_sources/microros_transports/dma_transport.c ****         osDelay(portTICK_RATE_MS);
 261              		.loc 1 59 9 is_stmt 1 discriminator 2 view .LVU57
 262 002a 0120     		movs	r0, #1
 263 002c FFF7FEFF 		bl	osDelay
 264              	.LVL22:
  60:micro_ros_stm32cubemx_utils/extra_sources/microros_transports/dma_transport.c ****     } while (dma_head == dma_tail && ms_used < timeout);
 265              		.loc 1 60 35 discriminator 2 view .LVU58
 266              		.loc 1 60 23 is_stmt 0 discriminator 2 view .LVU59
 267 0030 0E4B     		ldr	r3, .L25
 268 0032 1B68     		ldr	r3, [r3]
 269 0034 D9F80020 		ldr	r2, [r9]
 270              		.loc 1 60 35 discriminator 2 view .LVU60
 271 0038 9342     		cmp	r3, r2
 272 003a 14D1     		bne	.L23
 273              		.loc 1 60 35 discriminator 1 view .LVU61
 274 003c BE42     		cmp	r6, r7
 275 003e E7DB     		blt	.L19
 276 0040 0020     		movs	r0, #0
 277 0042 08E0     		b	.L20
 278              	.LVL23:
 279              	.L22:
  61:micro_ros_stm32cubemx_utils/extra_sources/microros_transports/dma_transport.c ****     
  62:micro_ros_stm32cubemx_utils/extra_sources/microros_transports/dma_transport.c ****     size_t wrote = 0;
  63:micro_ros_stm32cubemx_utils/extra_sources/microros_transports/dma_transport.c ****     while ((dma_head != dma_tail) && (wrote < len)){
  64:micro_ros_stm32cubemx_utils/extra_sources/microros_transports/dma_transport.c ****         buf[wrote] = dma_buffer[dma_head];
 280              		.loc 1 64 9 is_stmt 1 view .LVU62
 281              		.loc 1 64 32 is_stmt 0 view .LVU63
 282 0044 0A49     		ldr	r1, .L25+4
 283 0046 C95C     		ldrb	r1, [r1, r3]	@ zero_extendqisi2
 284              		.loc 1 64 20 view .LVU64
 285 0048 2954     		strb	r1, [r5, r0]
  65:micro_ros_stm32cubemx_utils/extra_sources/microros_transports/dma_transport.c ****         dma_head = (dma_head + 1) % UART_DMA_BUFFER_SIZE;
 286              		.loc 1 65 9 is_stmt 1 view .LVU65
 287              		.loc 1 65 30 is_stmt 0 view .LVU66
 288 004a 0133     		adds	r3, r3, #1
 289              		.loc 1 65 35 view .LVU67
 290 004c C3F30A03 		ubfx	r3, r3, #0, #11
 291              		.loc 1 65 18 view .LVU68
 292 0050 0649     		ldr	r1, .L25
 293 0052 0B60     		str	r3, [r1]
  66:micro_ros_stm32cubemx_utils/extra_sources/microros_transports/dma_transport.c ****         wrote++;
 294              		.loc 1 66 9 is_stmt 1 view .LVU69
 295              		.loc 1 66 14 is_stmt 0 view .LVU70
 296 0054 0130     		adds	r0, r0, #1
 297              	.LVL24:
ARM GAS  /tmp/ccAtHOzb.s 			page 10


 298              	.L20:
  63:micro_ros_stm32cubemx_utils/extra_sources/microros_transports/dma_transport.c ****         buf[wrote] = dma_buffer[dma_head];
 299              		.loc 1 63 35 is_stmt 1 view .LVU71
  63:micro_ros_stm32cubemx_utils/extra_sources/microros_transports/dma_transport.c ****         buf[wrote] = dma_buffer[dma_head];
 300              		.loc 1 63 22 is_stmt 0 view .LVU72
 301 0056 054B     		ldr	r3, .L25
 302 0058 1B68     		ldr	r3, [r3]
  63:micro_ros_stm32cubemx_utils/extra_sources/microros_transports/dma_transport.c ****         buf[wrote] = dma_buffer[dma_head];
 303              		.loc 1 63 35 view .LVU73
 304 005a 9A42     		cmp	r2, r3
 305 005c 01D0     		beq	.L17
  63:micro_ros_stm32cubemx_utils/extra_sources/microros_transports/dma_transport.c ****         buf[wrote] = dma_buffer[dma_head];
 306              		.loc 1 63 35 discriminator 1 view .LVU74
 307 005e A042     		cmp	r0, r4
 308 0060 F0D3     		bcc	.L22
 309              	.L17:
  67:micro_ros_stm32cubemx_utils/extra_sources/microros_transports/dma_transport.c ****     }
  68:micro_ros_stm32cubemx_utils/extra_sources/microros_transports/dma_transport.c ****     
  69:micro_ros_stm32cubemx_utils/extra_sources/microros_transports/dma_transport.c ****     return wrote;
  70:micro_ros_stm32cubemx_utils/extra_sources/microros_transports/dma_transport.c **** }
 310              		.loc 1 70 1 view .LVU75
 311 0062 BDE8F883 		pop	{r3, r4, r5, r6, r7, r8, r9, pc}
 312              	.LVL25:
 313              	.L23:
 314              		.loc 1 70 1 view .LVU76
 315 0066 0020     		movs	r0, #0
 316 0068 F5E7     		b	.L20
 317              	.L26:
 318 006a 00BF     		.align	2
 319              	.L25:
 320 006c 00000000 		.word	.LANCHOR2
 321 0070 00000000 		.word	.LANCHOR0
 322 0074 00000000 		.word	.LANCHOR1
 323              		.cfi_endproc
 324              	.LFE151:
 326              		.section	.bss.dma_buffer,"aw",%nobits
 327              		.align	2
 328              		.set	.LANCHOR0,. + 0
 331              	dma_buffer:
 332 0000 00000000 		.space	2048
 332      00000000 
 332      00000000 
 332      00000000 
 332      00000000 
 333              		.section	.bss.dma_head,"aw",%nobits
 334              		.align	2
 335              		.set	.LANCHOR2,. + 0
 338              	dma_head:
 339 0000 00000000 		.space	4
 340              		.section	.bss.dma_tail,"aw",%nobits
 341              		.align	2
 342              		.set	.LANCHOR1,. + 0
 345              	dma_tail:
 346 0000 00000000 		.space	4
 347              		.text
 348              	.Letext0:
 349              		.file 3 "/home/romet/st/stm32cubeide_1.13.2_2/plugins/com.st.stm32cube.ide.mcu.externaltools.gnu-t
ARM GAS  /tmp/ccAtHOzb.s 			page 11


 350              		.file 4 "/home/romet/st/stm32cubeide_1.13.2_2/plugins/com.st.stm32cube.ide.mcu.externaltools.gnu-t
 351              		.file 5 "/home/romet/st/stm32cubeide_1.13.2_2/plugins/com.st.stm32cube.ide.mcu.externaltools.gnu-t
 352              		.file 6 "micro_ros_stm32cubemx_utils/microros_static_library/libmicroros/microros_include/uxr/clie
 353              		.file 7 "micro_ros_stm32cubemx_utils/microros_static_library/libmicroros/microros_include/uxr/clie
 354              		.file 8 "micro_ros_stm32cubemx_utils/microros_static_library/libmicroros/microros_include/uxr/clie
 355              		.file 9 "Drivers/CMSIS/Device/ST/STM32F7xx/Include/stm32f767xx.h"
 356              		.file 10 "Drivers/STM32F7xx_HAL_Driver/Inc/stm32f7xx_hal_def.h"
 357              		.file 11 "Drivers/STM32F7xx_HAL_Driver/Inc/stm32f7xx_hal_dma.h"
 358              		.file 12 "Drivers/STM32F7xx_HAL_Driver/Inc/stm32f7xx_hal_uart.h"
 359              		.file 13 "Middlewares/Third_Party/FreeRTOS/Source/portable/GCC/ARM_CM7/r0p1/portmacro.h"
 360              		.file 14 "Middlewares/Third_Party/FreeRTOS/Source/CMSIS_RTOS_V2/cmsis_os2.h"
ARM GAS  /tmp/ccAtHOzb.s 			page 12


DEFINED SYMBOLS
                            *ABS*:0000000000000000 dma_transport.c
     /tmp/ccAtHOzb.s:19     .text.cubemx_transport_open:0000000000000000 $t
     /tmp/ccAtHOzb.s:25     .text.cubemx_transport_open:0000000000000000 cubemx_transport_open
     /tmp/ccAtHOzb.s:56     .text.cubemx_transport_open:0000000000000014 $d
     /tmp/ccAtHOzb.s:61     .text.cubemx_transport_close:0000000000000000 $t
     /tmp/ccAtHOzb.s:67     .text.cubemx_transport_close:0000000000000000 cubemx_transport_close
     /tmp/ccAtHOzb.s:96     .text.cubemx_transport_write:0000000000000000 $t
     /tmp/ccAtHOzb.s:102    .text.cubemx_transport_write:0000000000000000 cubemx_transport_write
     /tmp/ccAtHOzb.s:180    .text.cubemx_transport_read:0000000000000000 $t
     /tmp/ccAtHOzb.s:186    .text.cubemx_transport_read:0000000000000000 cubemx_transport_read
     /tmp/ccAtHOzb.s:320    .text.cubemx_transport_read:000000000000006c $d
     /tmp/ccAtHOzb.s:327    .bss.dma_buffer:0000000000000000 $d
     /tmp/ccAtHOzb.s:331    .bss.dma_buffer:0000000000000000 dma_buffer
     /tmp/ccAtHOzb.s:334    .bss.dma_head:0000000000000000 $d
     /tmp/ccAtHOzb.s:338    .bss.dma_head:0000000000000000 dma_head
     /tmp/ccAtHOzb.s:341    .bss.dma_tail:0000000000000000 $d
     /tmp/ccAtHOzb.s:345    .bss.dma_tail:0000000000000000 dma_tail

UNDEFINED SYMBOLS
HAL_UART_Receive_DMA
HAL_UART_DMAStop
HAL_UART_Transmit_DMA
osDelay
