ARM GAS  /tmp/ccBjpfdp.s 			page 1


   1              		.cpu cortex-m7
   2              		.arch armv7e-m
   3              		.fpu fpv5-d16
   4              		.eabi_attribute 28, 1
   5              		.eabi_attribute 20, 1
   6              		.eabi_attribute 21, 1
   7              		.eabi_attribute 23, 3
   8              		.eabi_attribute 24, 1
   9              		.eabi_attribute 25, 1
  10              		.eabi_attribute 26, 1
  11              		.eabi_attribute 30, 1
  12              		.eabi_attribute 34, 1
  13              		.eabi_attribute 18, 4
  14              		.file	"stm32f7xx_hal_exti.c"
  15              		.text
  16              	.Ltext0:
  17              		.cfi_sections	.debug_frame
  18              		.section	.text.HAL_EXTI_SetConfigLine,"ax",%progbits
  19              		.align	1
  20              		.global	HAL_EXTI_SetConfigLine
  21              		.syntax unified
  22              		.thumb
  23              		.thumb_func
  25              	HAL_EXTI_SetConfigLine:
  26              	.LVL0:
  27              	.LFB141:
  28              		.file 1 "Drivers/STM32F7xx_HAL_Driver/Src/stm32f7xx_hal_exti.c"
   1:Drivers/STM32F7xx_HAL_Driver/Src/stm32f7xx_hal_exti.c **** /**
   2:Drivers/STM32F7xx_HAL_Driver/Src/stm32f7xx_hal_exti.c ****   ******************************************************************************
   3:Drivers/STM32F7xx_HAL_Driver/Src/stm32f7xx_hal_exti.c ****   * @file    stm32F7xx_hal_exti.c
   4:Drivers/STM32F7xx_HAL_Driver/Src/stm32f7xx_hal_exti.c ****   * @author  MCD Application Team
   5:Drivers/STM32F7xx_HAL_Driver/Src/stm32f7xx_hal_exti.c ****   * @brief   EXTI HAL module driver.
   6:Drivers/STM32F7xx_HAL_Driver/Src/stm32f7xx_hal_exti.c ****   *          This file provides firmware functions to manage the following
   7:Drivers/STM32F7xx_HAL_Driver/Src/stm32f7xx_hal_exti.c ****   *          functionalities of the Extended Interrupts and events controller (EXTI) peripheral:
   8:Drivers/STM32F7xx_HAL_Driver/Src/stm32f7xx_hal_exti.c ****   *           + Initialization and de-initialization functions
   9:Drivers/STM32F7xx_HAL_Driver/Src/stm32f7xx_hal_exti.c ****   *           + IO operation functions
  10:Drivers/STM32F7xx_HAL_Driver/Src/stm32f7xx_hal_exti.c ****   *
  11:Drivers/STM32F7xx_HAL_Driver/Src/stm32f7xx_hal_exti.c ****   ******************************************************************************
  12:Drivers/STM32F7xx_HAL_Driver/Src/stm32f7xx_hal_exti.c ****   * @attention
  13:Drivers/STM32F7xx_HAL_Driver/Src/stm32f7xx_hal_exti.c ****   *
  14:Drivers/STM32F7xx_HAL_Driver/Src/stm32f7xx_hal_exti.c ****   * Copyright (c) 2018 STMicroelectronics.
  15:Drivers/STM32F7xx_HAL_Driver/Src/stm32f7xx_hal_exti.c ****   * All rights reserved.
  16:Drivers/STM32F7xx_HAL_Driver/Src/stm32f7xx_hal_exti.c ****   *
  17:Drivers/STM32F7xx_HAL_Driver/Src/stm32f7xx_hal_exti.c ****   * This software is licensed under terms that can be found in the LICENSE file
  18:Drivers/STM32F7xx_HAL_Driver/Src/stm32f7xx_hal_exti.c ****   * in the root directory of this software component.
  19:Drivers/STM32F7xx_HAL_Driver/Src/stm32f7xx_hal_exti.c ****   * If no LICENSE file comes with this software, it is provided AS-IS.
  20:Drivers/STM32F7xx_HAL_Driver/Src/stm32f7xx_hal_exti.c ****   *
  21:Drivers/STM32F7xx_HAL_Driver/Src/stm32f7xx_hal_exti.c ****   ******************************************************************************
  22:Drivers/STM32F7xx_HAL_Driver/Src/stm32f7xx_hal_exti.c ****   @verbatim
  23:Drivers/STM32F7xx_HAL_Driver/Src/stm32f7xx_hal_exti.c ****   ==============================================================================
  24:Drivers/STM32F7xx_HAL_Driver/Src/stm32f7xx_hal_exti.c ****                     ##### EXTI Peripheral features #####
  25:Drivers/STM32F7xx_HAL_Driver/Src/stm32f7xx_hal_exti.c ****   ==============================================================================
  26:Drivers/STM32F7xx_HAL_Driver/Src/stm32f7xx_hal_exti.c ****   [..]
  27:Drivers/STM32F7xx_HAL_Driver/Src/stm32f7xx_hal_exti.c ****     (+) Each Exti line can be configured within this driver.
  28:Drivers/STM32F7xx_HAL_Driver/Src/stm32f7xx_hal_exti.c **** 
  29:Drivers/STM32F7xx_HAL_Driver/Src/stm32f7xx_hal_exti.c ****     (+) Exti line can be configured in 3 different modes
  30:Drivers/STM32F7xx_HAL_Driver/Src/stm32f7xx_hal_exti.c ****         (++) Interrupt
ARM GAS  /tmp/ccBjpfdp.s 			page 2


  31:Drivers/STM32F7xx_HAL_Driver/Src/stm32f7xx_hal_exti.c ****         (++) Event
  32:Drivers/STM32F7xx_HAL_Driver/Src/stm32f7xx_hal_exti.c ****         (++) Both of them
  33:Drivers/STM32F7xx_HAL_Driver/Src/stm32f7xx_hal_exti.c **** 
  34:Drivers/STM32F7xx_HAL_Driver/Src/stm32f7xx_hal_exti.c ****     (+) Configurable Exti lines can be configured with 3 different triggers
  35:Drivers/STM32F7xx_HAL_Driver/Src/stm32f7xx_hal_exti.c ****         (++) Rising
  36:Drivers/STM32F7xx_HAL_Driver/Src/stm32f7xx_hal_exti.c ****         (++) Falling
  37:Drivers/STM32F7xx_HAL_Driver/Src/stm32f7xx_hal_exti.c ****         (++) Both of them
  38:Drivers/STM32F7xx_HAL_Driver/Src/stm32f7xx_hal_exti.c **** 
  39:Drivers/STM32F7xx_HAL_Driver/Src/stm32f7xx_hal_exti.c ****     (+) When set in interrupt mode, configurable Exti lines have two different
  40:Drivers/STM32F7xx_HAL_Driver/Src/stm32f7xx_hal_exti.c ****         interrupts pending registers which allow to distinguish which transition
  41:Drivers/STM32F7xx_HAL_Driver/Src/stm32f7xx_hal_exti.c ****         occurs:
  42:Drivers/STM32F7xx_HAL_Driver/Src/stm32f7xx_hal_exti.c ****         (++) Rising edge pending interrupt
  43:Drivers/STM32F7xx_HAL_Driver/Src/stm32f7xx_hal_exti.c ****         (++) Falling
  44:Drivers/STM32F7xx_HAL_Driver/Src/stm32f7xx_hal_exti.c **** 
  45:Drivers/STM32F7xx_HAL_Driver/Src/stm32f7xx_hal_exti.c ****     (+) Exti lines 0 to 15 are linked to gpio pin number 0 to 15. Gpio port can
  46:Drivers/STM32F7xx_HAL_Driver/Src/stm32f7xx_hal_exti.c ****         be selected through multiplexer.
  47:Drivers/STM32F7xx_HAL_Driver/Src/stm32f7xx_hal_exti.c **** 
  48:Drivers/STM32F7xx_HAL_Driver/Src/stm32f7xx_hal_exti.c ****                      ##### How to use this driver #####
  49:Drivers/STM32F7xx_HAL_Driver/Src/stm32f7xx_hal_exti.c ****   ==============================================================================
  50:Drivers/STM32F7xx_HAL_Driver/Src/stm32f7xx_hal_exti.c ****   [..]
  51:Drivers/STM32F7xx_HAL_Driver/Src/stm32f7xx_hal_exti.c **** 
  52:Drivers/STM32F7xx_HAL_Driver/Src/stm32f7xx_hal_exti.c ****     (#) Configure the EXTI line using HAL_EXTI_SetConfigLine().
  53:Drivers/STM32F7xx_HAL_Driver/Src/stm32f7xx_hal_exti.c ****         (++) Choose the interrupt line number by setting "Line" member from
  54:Drivers/STM32F7xx_HAL_Driver/Src/stm32f7xx_hal_exti.c ****              EXTI_ConfigTypeDef structure.
  55:Drivers/STM32F7xx_HAL_Driver/Src/stm32f7xx_hal_exti.c ****         (++) Configure the interrupt and/or event mode using "Mode" member from
  56:Drivers/STM32F7xx_HAL_Driver/Src/stm32f7xx_hal_exti.c ****              EXTI_ConfigTypeDef structure.
  57:Drivers/STM32F7xx_HAL_Driver/Src/stm32f7xx_hal_exti.c ****         (++) For configurable lines, configure rising and/or falling trigger
  58:Drivers/STM32F7xx_HAL_Driver/Src/stm32f7xx_hal_exti.c ****              "Trigger" member from EXTI_ConfigTypeDef structure.
  59:Drivers/STM32F7xx_HAL_Driver/Src/stm32f7xx_hal_exti.c ****         (++) For Exti lines linked to gpio, choose gpio port using "GPIOSel"
  60:Drivers/STM32F7xx_HAL_Driver/Src/stm32f7xx_hal_exti.c ****              member from GPIO_InitTypeDef structure.
  61:Drivers/STM32F7xx_HAL_Driver/Src/stm32f7xx_hal_exti.c **** 
  62:Drivers/STM32F7xx_HAL_Driver/Src/stm32f7xx_hal_exti.c ****     (#) Get current Exti configuration of a dedicated line using
  63:Drivers/STM32F7xx_HAL_Driver/Src/stm32f7xx_hal_exti.c ****         HAL_EXTI_GetConfigLine().
  64:Drivers/STM32F7xx_HAL_Driver/Src/stm32f7xx_hal_exti.c ****         (++) Provide exiting handle as parameter.
  65:Drivers/STM32F7xx_HAL_Driver/Src/stm32f7xx_hal_exti.c ****         (++) Provide pointer on EXTI_ConfigTypeDef structure as second parameter.
  66:Drivers/STM32F7xx_HAL_Driver/Src/stm32f7xx_hal_exti.c **** 
  67:Drivers/STM32F7xx_HAL_Driver/Src/stm32f7xx_hal_exti.c ****     (#) Clear Exti configuration of a dedicated line using HAL_EXTI_GetConfigLine().
  68:Drivers/STM32F7xx_HAL_Driver/Src/stm32f7xx_hal_exti.c ****         (++) Provide exiting handle as parameter.
  69:Drivers/STM32F7xx_HAL_Driver/Src/stm32f7xx_hal_exti.c **** 
  70:Drivers/STM32F7xx_HAL_Driver/Src/stm32f7xx_hal_exti.c ****     (#) Register callback to treat Exti interrupts using HAL_EXTI_RegisterCallback().
  71:Drivers/STM32F7xx_HAL_Driver/Src/stm32f7xx_hal_exti.c ****         (++) Provide exiting handle as first parameter.
  72:Drivers/STM32F7xx_HAL_Driver/Src/stm32f7xx_hal_exti.c ****         (++) Provide which callback will be registered using one value from
  73:Drivers/STM32F7xx_HAL_Driver/Src/stm32f7xx_hal_exti.c ****              EXTI_CallbackIDTypeDef.
  74:Drivers/STM32F7xx_HAL_Driver/Src/stm32f7xx_hal_exti.c ****         (++) Provide callback function pointer.
  75:Drivers/STM32F7xx_HAL_Driver/Src/stm32f7xx_hal_exti.c **** 
  76:Drivers/STM32F7xx_HAL_Driver/Src/stm32f7xx_hal_exti.c ****     (#) Get interrupt pending bit using HAL_EXTI_GetPending().
  77:Drivers/STM32F7xx_HAL_Driver/Src/stm32f7xx_hal_exti.c **** 
  78:Drivers/STM32F7xx_HAL_Driver/Src/stm32f7xx_hal_exti.c ****     (#) Clear interrupt pending bit using HAL_EXTI_GetPending().
  79:Drivers/STM32F7xx_HAL_Driver/Src/stm32f7xx_hal_exti.c **** 
  80:Drivers/STM32F7xx_HAL_Driver/Src/stm32f7xx_hal_exti.c ****     (#) Generate software interrupt using HAL_EXTI_GenerateSWI().
  81:Drivers/STM32F7xx_HAL_Driver/Src/stm32f7xx_hal_exti.c **** 
  82:Drivers/STM32F7xx_HAL_Driver/Src/stm32f7xx_hal_exti.c ****   @endverbatim
  83:Drivers/STM32F7xx_HAL_Driver/Src/stm32f7xx_hal_exti.c ****   */
  84:Drivers/STM32F7xx_HAL_Driver/Src/stm32f7xx_hal_exti.c **** 
  85:Drivers/STM32F7xx_HAL_Driver/Src/stm32f7xx_hal_exti.c **** /* Includes ------------------------------------------------------------------*/
  86:Drivers/STM32F7xx_HAL_Driver/Src/stm32f7xx_hal_exti.c **** #include "stm32f7xx_hal.h"
  87:Drivers/STM32F7xx_HAL_Driver/Src/stm32f7xx_hal_exti.c **** 
ARM GAS  /tmp/ccBjpfdp.s 			page 3


  88:Drivers/STM32F7xx_HAL_Driver/Src/stm32f7xx_hal_exti.c **** /** @addtogroup STM32F7xx_HAL_Driver
  89:Drivers/STM32F7xx_HAL_Driver/Src/stm32f7xx_hal_exti.c ****   * @{
  90:Drivers/STM32F7xx_HAL_Driver/Src/stm32f7xx_hal_exti.c ****   */
  91:Drivers/STM32F7xx_HAL_Driver/Src/stm32f7xx_hal_exti.c **** 
  92:Drivers/STM32F7xx_HAL_Driver/Src/stm32f7xx_hal_exti.c **** /** @addtogroup EXTI
  93:Drivers/STM32F7xx_HAL_Driver/Src/stm32f7xx_hal_exti.c ****   * @{
  94:Drivers/STM32F7xx_HAL_Driver/Src/stm32f7xx_hal_exti.c ****   */
  95:Drivers/STM32F7xx_HAL_Driver/Src/stm32f7xx_hal_exti.c **** /** MISRA C:2012 deviation rule has been granted for following rule:
  96:Drivers/STM32F7xx_HAL_Driver/Src/stm32f7xx_hal_exti.c ****   * Rule-18.1_b - Medium: Array `EXTICR' 1st subscript interval [0,7] may be out
  97:Drivers/STM32F7xx_HAL_Driver/Src/stm32f7xx_hal_exti.c ****   * of bounds [0,3] in following API :
  98:Drivers/STM32F7xx_HAL_Driver/Src/stm32f7xx_hal_exti.c ****   * HAL_EXTI_SetConfigLine
  99:Drivers/STM32F7xx_HAL_Driver/Src/stm32f7xx_hal_exti.c ****   * HAL_EXTI_GetConfigLine
 100:Drivers/STM32F7xx_HAL_Driver/Src/stm32f7xx_hal_exti.c ****   * HAL_EXTI_ClearConfigLine
 101:Drivers/STM32F7xx_HAL_Driver/Src/stm32f7xx_hal_exti.c ****   */
 102:Drivers/STM32F7xx_HAL_Driver/Src/stm32f7xx_hal_exti.c **** 
 103:Drivers/STM32F7xx_HAL_Driver/Src/stm32f7xx_hal_exti.c **** #ifdef HAL_EXTI_MODULE_ENABLED
 104:Drivers/STM32F7xx_HAL_Driver/Src/stm32f7xx_hal_exti.c **** 
 105:Drivers/STM32F7xx_HAL_Driver/Src/stm32f7xx_hal_exti.c **** /* Private typedef -----------------------------------------------------------*/
 106:Drivers/STM32F7xx_HAL_Driver/Src/stm32f7xx_hal_exti.c **** /* Private defines -----------------------------------------------------------*/
 107:Drivers/STM32F7xx_HAL_Driver/Src/stm32f7xx_hal_exti.c **** /** @defgroup EXTI_Private_Constants EXTI Private Constants
 108:Drivers/STM32F7xx_HAL_Driver/Src/stm32f7xx_hal_exti.c ****   * @{
 109:Drivers/STM32F7xx_HAL_Driver/Src/stm32f7xx_hal_exti.c ****   */
 110:Drivers/STM32F7xx_HAL_Driver/Src/stm32f7xx_hal_exti.c **** 
 111:Drivers/STM32F7xx_HAL_Driver/Src/stm32f7xx_hal_exti.c **** /**
 112:Drivers/STM32F7xx_HAL_Driver/Src/stm32f7xx_hal_exti.c ****   * @}
 113:Drivers/STM32F7xx_HAL_Driver/Src/stm32f7xx_hal_exti.c ****   */
 114:Drivers/STM32F7xx_HAL_Driver/Src/stm32f7xx_hal_exti.c **** 
 115:Drivers/STM32F7xx_HAL_Driver/Src/stm32f7xx_hal_exti.c **** /* Private macros ------------------------------------------------------------*/
 116:Drivers/STM32F7xx_HAL_Driver/Src/stm32f7xx_hal_exti.c **** /* Private variables ---------------------------------------------------------*/
 117:Drivers/STM32F7xx_HAL_Driver/Src/stm32f7xx_hal_exti.c **** /* Private function prototypes -----------------------------------------------*/
 118:Drivers/STM32F7xx_HAL_Driver/Src/stm32f7xx_hal_exti.c **** /* Exported functions --------------------------------------------------------*/
 119:Drivers/STM32F7xx_HAL_Driver/Src/stm32f7xx_hal_exti.c **** 
 120:Drivers/STM32F7xx_HAL_Driver/Src/stm32f7xx_hal_exti.c **** /** @addtogroup EXTI_Exported_Functions
 121:Drivers/STM32F7xx_HAL_Driver/Src/stm32f7xx_hal_exti.c ****   * @{
 122:Drivers/STM32F7xx_HAL_Driver/Src/stm32f7xx_hal_exti.c ****   */
 123:Drivers/STM32F7xx_HAL_Driver/Src/stm32f7xx_hal_exti.c **** 
 124:Drivers/STM32F7xx_HAL_Driver/Src/stm32f7xx_hal_exti.c **** /** @addtogroup EXTI_Exported_Functions_Group1
 125:Drivers/STM32F7xx_HAL_Driver/Src/stm32f7xx_hal_exti.c ****   *  @brief    Configuration functions
 126:Drivers/STM32F7xx_HAL_Driver/Src/stm32f7xx_hal_exti.c ****   *
 127:Drivers/STM32F7xx_HAL_Driver/Src/stm32f7xx_hal_exti.c **** @verbatim
 128:Drivers/STM32F7xx_HAL_Driver/Src/stm32f7xx_hal_exti.c ****  ===============================================================================
 129:Drivers/STM32F7xx_HAL_Driver/Src/stm32f7xx_hal_exti.c ****               ##### Configuration functions #####
 130:Drivers/STM32F7xx_HAL_Driver/Src/stm32f7xx_hal_exti.c ****  ===============================================================================
 131:Drivers/STM32F7xx_HAL_Driver/Src/stm32f7xx_hal_exti.c **** 
 132:Drivers/STM32F7xx_HAL_Driver/Src/stm32f7xx_hal_exti.c **** @endverbatim
 133:Drivers/STM32F7xx_HAL_Driver/Src/stm32f7xx_hal_exti.c ****   * @{
 134:Drivers/STM32F7xx_HAL_Driver/Src/stm32f7xx_hal_exti.c ****   */
 135:Drivers/STM32F7xx_HAL_Driver/Src/stm32f7xx_hal_exti.c **** 
 136:Drivers/STM32F7xx_HAL_Driver/Src/stm32f7xx_hal_exti.c **** /**
 137:Drivers/STM32F7xx_HAL_Driver/Src/stm32f7xx_hal_exti.c ****   * @brief  Set configuration of a dedicated Exti line.
 138:Drivers/STM32F7xx_HAL_Driver/Src/stm32f7xx_hal_exti.c ****   * @param  hexti Exti handle.
 139:Drivers/STM32F7xx_HAL_Driver/Src/stm32f7xx_hal_exti.c ****   * @param  pExtiConfig Pointer on EXTI configuration to be set.
 140:Drivers/STM32F7xx_HAL_Driver/Src/stm32f7xx_hal_exti.c ****   * @retval HAL Status.
 141:Drivers/STM32F7xx_HAL_Driver/Src/stm32f7xx_hal_exti.c ****   */
 142:Drivers/STM32F7xx_HAL_Driver/Src/stm32f7xx_hal_exti.c **** HAL_StatusTypeDef HAL_EXTI_SetConfigLine(EXTI_HandleTypeDef *hexti, EXTI_ConfigTypeDef *pExtiConfig
 143:Drivers/STM32F7xx_HAL_Driver/Src/stm32f7xx_hal_exti.c **** {
  29              		.loc 1 143 1 view -0
ARM GAS  /tmp/ccBjpfdp.s 			page 4


  30              		.cfi_startproc
  31              		@ args = 0, pretend = 0, frame = 0
  32              		@ frame_needed = 0, uses_anonymous_args = 0
  33              		@ link register save eliminated.
 144:Drivers/STM32F7xx_HAL_Driver/Src/stm32f7xx_hal_exti.c ****   uint32_t regval;
  34              		.loc 1 144 3 view .LVU1
 145:Drivers/STM32F7xx_HAL_Driver/Src/stm32f7xx_hal_exti.c ****   uint32_t linepos;
  35              		.loc 1 145 3 view .LVU2
 146:Drivers/STM32F7xx_HAL_Driver/Src/stm32f7xx_hal_exti.c ****   uint32_t maskline;
  36              		.loc 1 146 3 view .LVU3
 147:Drivers/STM32F7xx_HAL_Driver/Src/stm32f7xx_hal_exti.c **** 
 148:Drivers/STM32F7xx_HAL_Driver/Src/stm32f7xx_hal_exti.c ****   /* Check null pointer */
 149:Drivers/STM32F7xx_HAL_Driver/Src/stm32f7xx_hal_exti.c ****   if ((hexti == NULL) || (pExtiConfig == NULL))
  37              		.loc 1 149 3 view .LVU4
  38              		.loc 1 149 6 is_stmt 0 view .LVU5
  39 0000 0029     		cmp	r1, #0
  40 0002 18BF     		it	ne
  41 0004 0028     		cmpne	r0, #0
  42 0006 5FD0     		beq	.L11
 143:Drivers/STM32F7xx_HAL_Driver/Src/stm32f7xx_hal_exti.c ****   uint32_t regval;
  43              		.loc 1 143 1 view .LVU6
  44 0008 70B4     		push	{r4, r5, r6}
  45              	.LCFI0:
  46              		.cfi_def_cfa_offset 12
  47              		.cfi_offset 4, -12
  48              		.cfi_offset 5, -8
  49              		.cfi_offset 6, -4
  50 000a 0B46     		mov	r3, r1
 150:Drivers/STM32F7xx_HAL_Driver/Src/stm32f7xx_hal_exti.c ****   {
 151:Drivers/STM32F7xx_HAL_Driver/Src/stm32f7xx_hal_exti.c ****     return HAL_ERROR;
 152:Drivers/STM32F7xx_HAL_Driver/Src/stm32f7xx_hal_exti.c ****   }
 153:Drivers/STM32F7xx_HAL_Driver/Src/stm32f7xx_hal_exti.c **** 
 154:Drivers/STM32F7xx_HAL_Driver/Src/stm32f7xx_hal_exti.c ****   /* Check parameters */
 155:Drivers/STM32F7xx_HAL_Driver/Src/stm32f7xx_hal_exti.c ****   assert_param(IS_EXTI_LINE(pExtiConfig->Line));
  51              		.loc 1 155 3 is_stmt 1 view .LVU7
 156:Drivers/STM32F7xx_HAL_Driver/Src/stm32f7xx_hal_exti.c ****   assert_param(IS_EXTI_MODE(pExtiConfig->Mode));
  52              		.loc 1 156 3 view .LVU8
 157:Drivers/STM32F7xx_HAL_Driver/Src/stm32f7xx_hal_exti.c **** 
 158:Drivers/STM32F7xx_HAL_Driver/Src/stm32f7xx_hal_exti.c ****   /* Assign line number to handle */
 159:Drivers/STM32F7xx_HAL_Driver/Src/stm32f7xx_hal_exti.c ****   hexti->Line = pExtiConfig->Line;
  53              		.loc 1 159 3 view .LVU9
  54              		.loc 1 159 28 is_stmt 0 view .LVU10
  55 000c 0968     		ldr	r1, [r1]
  56              	.LVL1:
  57              		.loc 1 159 15 view .LVU11
  58 000e 0160     		str	r1, [r0]
 160:Drivers/STM32F7xx_HAL_Driver/Src/stm32f7xx_hal_exti.c **** 
 161:Drivers/STM32F7xx_HAL_Driver/Src/stm32f7xx_hal_exti.c ****   /* Compute line mask */
 162:Drivers/STM32F7xx_HAL_Driver/Src/stm32f7xx_hal_exti.c ****   linepos = (pExtiConfig->Line & EXTI_PIN_MASK);
  59              		.loc 1 162 3 is_stmt 1 view .LVU12
  60              		.loc 1 162 11 is_stmt 0 view .LVU13
  61 0010 01F01F00 		and	r0, r1, #31
  62              	.LVL2:
 163:Drivers/STM32F7xx_HAL_Driver/Src/stm32f7xx_hal_exti.c ****   maskline = (1uL << linepos);
  63              		.loc 1 163 3 is_stmt 1 view .LVU14
  64              		.loc 1 163 12 is_stmt 0 view .LVU15
  65 0014 0122     		movs	r2, #1
ARM GAS  /tmp/ccBjpfdp.s 			page 5


  66 0016 8240     		lsls	r2, r2, r0
  67              	.LVL3:
 164:Drivers/STM32F7xx_HAL_Driver/Src/stm32f7xx_hal_exti.c **** 
 165:Drivers/STM32F7xx_HAL_Driver/Src/stm32f7xx_hal_exti.c ****   /* Configure triggers for configurable lines */
 166:Drivers/STM32F7xx_HAL_Driver/Src/stm32f7xx_hal_exti.c ****   if ((pExtiConfig->Line & EXTI_CONFIG) != 0x00u)
  68              		.loc 1 166 3 is_stmt 1 view .LVU16
  69              		.loc 1 166 6 is_stmt 0 view .LVU17
  70 0018 11F0007F 		tst	r1, #33554432
  71 001c 15D0     		beq	.L3
 167:Drivers/STM32F7xx_HAL_Driver/Src/stm32f7xx_hal_exti.c ****   {
 168:Drivers/STM32F7xx_HAL_Driver/Src/stm32f7xx_hal_exti.c ****     assert_param(IS_EXTI_TRIGGER(pExtiConfig->Trigger));
  72              		.loc 1 168 5 is_stmt 1 view .LVU18
 169:Drivers/STM32F7xx_HAL_Driver/Src/stm32f7xx_hal_exti.c **** 
 170:Drivers/STM32F7xx_HAL_Driver/Src/stm32f7xx_hal_exti.c ****     /* Configure rising trigger */
 171:Drivers/STM32F7xx_HAL_Driver/Src/stm32f7xx_hal_exti.c ****     /* Mask or set line */
 172:Drivers/STM32F7xx_HAL_Driver/Src/stm32f7xx_hal_exti.c ****     if ((pExtiConfig->Trigger & EXTI_TRIGGER_RISING) != 0x00u)
  73              		.loc 1 172 5 view .LVU19
  74              		.loc 1 172 21 is_stmt 0 view .LVU20
  75 001e 9C68     		ldr	r4, [r3, #8]
  76              		.loc 1 172 8 view .LVU21
  77 0020 14F0010F 		tst	r4, #1
  78 0024 24D0     		beq	.L4
 173:Drivers/STM32F7xx_HAL_Driver/Src/stm32f7xx_hal_exti.c ****     {
 174:Drivers/STM32F7xx_HAL_Driver/Src/stm32f7xx_hal_exti.c ****       EXTI->RTSR |= maskline;
  79              		.loc 1 174 7 is_stmt 1 view .LVU22
  80              		.loc 1 174 18 is_stmt 0 view .LVU23
  81 0026 294D     		ldr	r5, .L17
  82 0028 AC68     		ldr	r4, [r5, #8]
  83 002a 1443     		orrs	r4, r4, r2
  84 002c AC60     		str	r4, [r5, #8]
  85              	.L5:
 175:Drivers/STM32F7xx_HAL_Driver/Src/stm32f7xx_hal_exti.c ****     }
 176:Drivers/STM32F7xx_HAL_Driver/Src/stm32f7xx_hal_exti.c ****     else
 177:Drivers/STM32F7xx_HAL_Driver/Src/stm32f7xx_hal_exti.c ****     {
 178:Drivers/STM32F7xx_HAL_Driver/Src/stm32f7xx_hal_exti.c ****       EXTI->RTSR &= ~maskline;
 179:Drivers/STM32F7xx_HAL_Driver/Src/stm32f7xx_hal_exti.c ****     }
 180:Drivers/STM32F7xx_HAL_Driver/Src/stm32f7xx_hal_exti.c **** 
 181:Drivers/STM32F7xx_HAL_Driver/Src/stm32f7xx_hal_exti.c ****     /* Configure falling trigger */
 182:Drivers/STM32F7xx_HAL_Driver/Src/stm32f7xx_hal_exti.c ****     /* Mask or set line */
 183:Drivers/STM32F7xx_HAL_Driver/Src/stm32f7xx_hal_exti.c ****     if ((pExtiConfig->Trigger & EXTI_TRIGGER_FALLING) != 0x00u)
  86              		.loc 1 183 5 is_stmt 1 view .LVU24
  87              		.loc 1 183 21 is_stmt 0 view .LVU25
  88 002e 9C68     		ldr	r4, [r3, #8]
  89              		.loc 1 183 8 view .LVU26
  90 0030 14F0020F 		tst	r4, #2
  91 0034 22D0     		beq	.L6
 184:Drivers/STM32F7xx_HAL_Driver/Src/stm32f7xx_hal_exti.c ****     {
 185:Drivers/STM32F7xx_HAL_Driver/Src/stm32f7xx_hal_exti.c ****       EXTI->FTSR |= maskline;
  92              		.loc 1 185 7 is_stmt 1 view .LVU27
  93              		.loc 1 185 18 is_stmt 0 view .LVU28
  94 0036 254D     		ldr	r5, .L17
  95 0038 EC68     		ldr	r4, [r5, #12]
  96 003a 1443     		orrs	r4, r4, r2
  97 003c EC60     		str	r4, [r5, #12]
  98              	.L7:
 186:Drivers/STM32F7xx_HAL_Driver/Src/stm32f7xx_hal_exti.c ****     }
 187:Drivers/STM32F7xx_HAL_Driver/Src/stm32f7xx_hal_exti.c ****     else
ARM GAS  /tmp/ccBjpfdp.s 			page 6


 188:Drivers/STM32F7xx_HAL_Driver/Src/stm32f7xx_hal_exti.c ****     {
 189:Drivers/STM32F7xx_HAL_Driver/Src/stm32f7xx_hal_exti.c ****       EXTI->FTSR &= ~maskline;
 190:Drivers/STM32F7xx_HAL_Driver/Src/stm32f7xx_hal_exti.c ****     }
 191:Drivers/STM32F7xx_HAL_Driver/Src/stm32f7xx_hal_exti.c **** 
 192:Drivers/STM32F7xx_HAL_Driver/Src/stm32f7xx_hal_exti.c **** 
 193:Drivers/STM32F7xx_HAL_Driver/Src/stm32f7xx_hal_exti.c ****     /* Configure gpio port selection in case of gpio exti line */
 194:Drivers/STM32F7xx_HAL_Driver/Src/stm32f7xx_hal_exti.c ****     if ((pExtiConfig->Line & EXTI_GPIO) == EXTI_GPIO)
  99              		.loc 1 194 5 is_stmt 1 view .LVU29
 100              		.loc 1 194 28 is_stmt 0 view .LVU30
 101 003e 1C68     		ldr	r4, [r3]
 102 0040 04F0C06C 		and	ip, r4, #100663296
 103              		.loc 1 194 8 view .LVU31
 104 0044 BCF1C06F 		cmp	ip, #100663296
 105 0048 1ED0     		beq	.L16
 106              	.LVL4:
 107              	.L3:
 195:Drivers/STM32F7xx_HAL_Driver/Src/stm32f7xx_hal_exti.c ****     {
 196:Drivers/STM32F7xx_HAL_Driver/Src/stm32f7xx_hal_exti.c ****       assert_param(IS_EXTI_GPIO_PORT(pExtiConfig->GPIOSel));
 197:Drivers/STM32F7xx_HAL_Driver/Src/stm32f7xx_hal_exti.c ****       assert_param(IS_EXTI_GPIO_PIN(linepos));
 198:Drivers/STM32F7xx_HAL_Driver/Src/stm32f7xx_hal_exti.c **** 
 199:Drivers/STM32F7xx_HAL_Driver/Src/stm32f7xx_hal_exti.c ****       regval = SYSCFG->EXTICR[linepos >> 2u];
 200:Drivers/STM32F7xx_HAL_Driver/Src/stm32f7xx_hal_exti.c ****       regval &= ~(SYSCFG_EXTICR1_EXTI0 << (SYSCFG_EXTICR1_EXTI1_Pos * (linepos & 0x03u)));
 201:Drivers/STM32F7xx_HAL_Driver/Src/stm32f7xx_hal_exti.c ****       regval |= (pExtiConfig->GPIOSel << (SYSCFG_EXTICR1_EXTI1_Pos * (linepos & 0x03u)));
 202:Drivers/STM32F7xx_HAL_Driver/Src/stm32f7xx_hal_exti.c ****       SYSCFG->EXTICR[linepos >> 2u] = regval;
 203:Drivers/STM32F7xx_HAL_Driver/Src/stm32f7xx_hal_exti.c ****     }
 204:Drivers/STM32F7xx_HAL_Driver/Src/stm32f7xx_hal_exti.c ****   }
 205:Drivers/STM32F7xx_HAL_Driver/Src/stm32f7xx_hal_exti.c **** 
 206:Drivers/STM32F7xx_HAL_Driver/Src/stm32f7xx_hal_exti.c ****   /* Configure interrupt mode : read current mode */
 207:Drivers/STM32F7xx_HAL_Driver/Src/stm32f7xx_hal_exti.c ****   /* Mask or set line */
 208:Drivers/STM32F7xx_HAL_Driver/Src/stm32f7xx_hal_exti.c ****   if ((pExtiConfig->Mode & EXTI_MODE_INTERRUPT) != 0x00u)
 108              		.loc 1 208 3 is_stmt 1 view .LVU32
 109              		.loc 1 208 19 is_stmt 0 view .LVU33
 110 004a 5968     		ldr	r1, [r3, #4]
 111              		.loc 1 208 6 view .LVU34
 112 004c 11F0010F 		tst	r1, #1
 113 0050 2DD0     		beq	.L8
 209:Drivers/STM32F7xx_HAL_Driver/Src/stm32f7xx_hal_exti.c ****   {
 210:Drivers/STM32F7xx_HAL_Driver/Src/stm32f7xx_hal_exti.c ****     EXTI->IMR |= maskline;
 114              		.loc 1 210 5 is_stmt 1 view .LVU35
 115              		.loc 1 210 15 is_stmt 0 view .LVU36
 116 0052 1E48     		ldr	r0, .L17
 117 0054 0168     		ldr	r1, [r0]
 118 0056 1143     		orrs	r1, r1, r2
 119 0058 0160     		str	r1, [r0]
 120              	.L9:
 211:Drivers/STM32F7xx_HAL_Driver/Src/stm32f7xx_hal_exti.c ****   }
 212:Drivers/STM32F7xx_HAL_Driver/Src/stm32f7xx_hal_exti.c ****   else
 213:Drivers/STM32F7xx_HAL_Driver/Src/stm32f7xx_hal_exti.c ****   {
 214:Drivers/STM32F7xx_HAL_Driver/Src/stm32f7xx_hal_exti.c ****     EXTI->IMR &= ~maskline;
 215:Drivers/STM32F7xx_HAL_Driver/Src/stm32f7xx_hal_exti.c ****   }
 216:Drivers/STM32F7xx_HAL_Driver/Src/stm32f7xx_hal_exti.c **** 
 217:Drivers/STM32F7xx_HAL_Driver/Src/stm32f7xx_hal_exti.c ****   /* Configure event mode : read current mode */
 218:Drivers/STM32F7xx_HAL_Driver/Src/stm32f7xx_hal_exti.c ****   /* Mask or set line */
 219:Drivers/STM32F7xx_HAL_Driver/Src/stm32f7xx_hal_exti.c ****   if ((pExtiConfig->Mode & EXTI_MODE_EVENT) != 0x00u)
 121              		.loc 1 219 3 is_stmt 1 view .LVU37
 122              		.loc 1 219 19 is_stmt 0 view .LVU38
 123 005a 5B68     		ldr	r3, [r3, #4]
ARM GAS  /tmp/ccBjpfdp.s 			page 7


 124              	.LVL5:
 125              		.loc 1 219 6 view .LVU39
 126 005c 13F0020F 		tst	r3, #2
 127 0060 2BD0     		beq	.L10
 220:Drivers/STM32F7xx_HAL_Driver/Src/stm32f7xx_hal_exti.c ****   {
 221:Drivers/STM32F7xx_HAL_Driver/Src/stm32f7xx_hal_exti.c ****     EXTI->EMR |= maskline;
 128              		.loc 1 221 5 is_stmt 1 view .LVU40
 129              		.loc 1 221 15 is_stmt 0 view .LVU41
 130 0062 1A49     		ldr	r1, .L17
 131 0064 4B68     		ldr	r3, [r1, #4]
 132 0066 1343     		orrs	r3, r3, r2
 133 0068 4B60     		str	r3, [r1, #4]
 222:Drivers/STM32F7xx_HAL_Driver/Src/stm32f7xx_hal_exti.c ****   }
 223:Drivers/STM32F7xx_HAL_Driver/Src/stm32f7xx_hal_exti.c ****   else
 224:Drivers/STM32F7xx_HAL_Driver/Src/stm32f7xx_hal_exti.c ****   {
 225:Drivers/STM32F7xx_HAL_Driver/Src/stm32f7xx_hal_exti.c ****     EXTI->EMR &= ~maskline;
 226:Drivers/STM32F7xx_HAL_Driver/Src/stm32f7xx_hal_exti.c ****   }
 227:Drivers/STM32F7xx_HAL_Driver/Src/stm32f7xx_hal_exti.c **** 
 228:Drivers/STM32F7xx_HAL_Driver/Src/stm32f7xx_hal_exti.c ****   return HAL_OK;
 134              		.loc 1 228 10 view .LVU42
 135 006a 0020     		movs	r0, #0
 136              	.L2:
 229:Drivers/STM32F7xx_HAL_Driver/Src/stm32f7xx_hal_exti.c **** }
 137              		.loc 1 229 1 view .LVU43
 138 006c 70BC     		pop	{r4, r5, r6}
 139              	.LCFI1:
 140              		.cfi_remember_state
 141              		.cfi_restore 6
 142              		.cfi_restore 5
 143              		.cfi_restore 4
 144              		.cfi_def_cfa_offset 0
 145 006e 7047     		bx	lr
 146              	.LVL6:
 147              	.L4:
 148              	.LCFI2:
 149              		.cfi_restore_state
 178:Drivers/STM32F7xx_HAL_Driver/Src/stm32f7xx_hal_exti.c ****     }
 150              		.loc 1 178 7 is_stmt 1 view .LVU44
 178:Drivers/STM32F7xx_HAL_Driver/Src/stm32f7xx_hal_exti.c ****     }
 151              		.loc 1 178 18 is_stmt 0 view .LVU45
 152 0070 164D     		ldr	r5, .L17
 153 0072 AC68     		ldr	r4, [r5, #8]
 154 0074 24EA0204 		bic	r4, r4, r2
 155 0078 AC60     		str	r4, [r5, #8]
 156 007a D8E7     		b	.L5
 157              	.L6:
 189:Drivers/STM32F7xx_HAL_Driver/Src/stm32f7xx_hal_exti.c ****     }
 158              		.loc 1 189 7 is_stmt 1 view .LVU46
 189:Drivers/STM32F7xx_HAL_Driver/Src/stm32f7xx_hal_exti.c ****     }
 159              		.loc 1 189 18 is_stmt 0 view .LVU47
 160 007c 134D     		ldr	r5, .L17
 161 007e EC68     		ldr	r4, [r5, #12]
 162 0080 24EA0204 		bic	r4, r4, r2
 163 0084 EC60     		str	r4, [r5, #12]
 164 0086 DAE7     		b	.L7
 165              	.L16:
 196:Drivers/STM32F7xx_HAL_Driver/Src/stm32f7xx_hal_exti.c ****       assert_param(IS_EXTI_GPIO_PIN(linepos));
ARM GAS  /tmp/ccBjpfdp.s 			page 8


 166              		.loc 1 196 7 is_stmt 1 view .LVU48
 197:Drivers/STM32F7xx_HAL_Driver/Src/stm32f7xx_hal_exti.c **** 
 167              		.loc 1 197 7 view .LVU49
 199:Drivers/STM32F7xx_HAL_Driver/Src/stm32f7xx_hal_exti.c ****       regval &= ~(SYSCFG_EXTICR1_EXTI0 << (SYSCFG_EXTICR1_EXTI1_Pos * (linepos & 0x03u)));
 168              		.loc 1 199 7 view .LVU50
 199:Drivers/STM32F7xx_HAL_Driver/Src/stm32f7xx_hal_exti.c ****       regval &= ~(SYSCFG_EXTICR1_EXTI0 << (SYSCFG_EXTICR1_EXTI1_Pos * (linepos & 0x03u)));
 169              		.loc 1 199 39 is_stmt 0 view .LVU51
 170 0088 8008     		lsrs	r0, r0, #2
 171              	.LVL7:
 199:Drivers/STM32F7xx_HAL_Driver/Src/stm32f7xx_hal_exti.c ****       regval &= ~(SYSCFG_EXTICR1_EXTI0 << (SYSCFG_EXTICR1_EXTI1_Pos * (linepos & 0x03u)));
 172              		.loc 1 199 14 view .LVU52
 173 008a 114E     		ldr	r6, .L17+4
 174 008c 0230     		adds	r0, r0, #2
 175 008e 56F82040 		ldr	r4, [r6, r0, lsl #2]
 176              	.LVL8:
 200:Drivers/STM32F7xx_HAL_Driver/Src/stm32f7xx_hal_exti.c ****       regval |= (pExtiConfig->GPIOSel << (SYSCFG_EXTICR1_EXTI1_Pos * (linepos & 0x03u)));
 177              		.loc 1 200 7 is_stmt 1 view .LVU53
 200:Drivers/STM32F7xx_HAL_Driver/Src/stm32f7xx_hal_exti.c ****       regval |= (pExtiConfig->GPIOSel << (SYSCFG_EXTICR1_EXTI1_Pos * (linepos & 0x03u)));
 178              		.loc 1 200 80 is_stmt 0 view .LVU54
 179 0092 01F00301 		and	r1, r1, #3
 180              	.LVL9:
 200:Drivers/STM32F7xx_HAL_Driver/Src/stm32f7xx_hal_exti.c ****       regval |= (pExtiConfig->GPIOSel << (SYSCFG_EXTICR1_EXTI1_Pos * (linepos & 0x03u)));
 181              		.loc 1 200 69 view .LVU55
 182 0096 8900     		lsls	r1, r1, #2
 200:Drivers/STM32F7xx_HAL_Driver/Src/stm32f7xx_hal_exti.c ****       regval |= (pExtiConfig->GPIOSel << (SYSCFG_EXTICR1_EXTI1_Pos * (linepos & 0x03u)));
 183              		.loc 1 200 40 view .LVU56
 184 0098 0F25     		movs	r5, #15
 185 009a 8D40     		lsls	r5, r5, r1
 200:Drivers/STM32F7xx_HAL_Driver/Src/stm32f7xx_hal_exti.c ****       regval |= (pExtiConfig->GPIOSel << (SYSCFG_EXTICR1_EXTI1_Pos * (linepos & 0x03u)));
 186              		.loc 1 200 14 view .LVU57
 187 009c 24EA0504 		bic	r4, r4, r5
 188              	.LVL10:
 201:Drivers/STM32F7xx_HAL_Driver/Src/stm32f7xx_hal_exti.c ****       SYSCFG->EXTICR[linepos >> 2u] = regval;
 189              		.loc 1 201 7 is_stmt 1 view .LVU58
 201:Drivers/STM32F7xx_HAL_Driver/Src/stm32f7xx_hal_exti.c ****       SYSCFG->EXTICR[linepos >> 2u] = regval;
 190              		.loc 1 201 39 is_stmt 0 view .LVU59
 191 00a0 DD68     		ldr	r5, [r3, #12]
 192 00a2 05FA01F1 		lsl	r1, r5, r1
 201:Drivers/STM32F7xx_HAL_Driver/Src/stm32f7xx_hal_exti.c ****       SYSCFG->EXTICR[linepos >> 2u] = regval;
 193              		.loc 1 201 14 view .LVU60
 194 00a6 2143     		orrs	r1, r1, r4
 195              	.LVL11:
 202:Drivers/STM32F7xx_HAL_Driver/Src/stm32f7xx_hal_exti.c ****     }
 196              		.loc 1 202 7 is_stmt 1 view .LVU61
 202:Drivers/STM32F7xx_HAL_Driver/Src/stm32f7xx_hal_exti.c ****     }
 197              		.loc 1 202 37 is_stmt 0 view .LVU62
 198 00a8 46F82010 		str	r1, [r6, r0, lsl #2]
 199 00ac CDE7     		b	.L3
 200              	.LVL12:
 201              	.L8:
 214:Drivers/STM32F7xx_HAL_Driver/Src/stm32f7xx_hal_exti.c ****   }
 202              		.loc 1 214 5 is_stmt 1 view .LVU63
 214:Drivers/STM32F7xx_HAL_Driver/Src/stm32f7xx_hal_exti.c ****   }
 203              		.loc 1 214 15 is_stmt 0 view .LVU64
 204 00ae 0748     		ldr	r0, .L17
 205 00b0 0168     		ldr	r1, [r0]
 206 00b2 21EA0201 		bic	r1, r1, r2
ARM GAS  /tmp/ccBjpfdp.s 			page 9


 207 00b6 0160     		str	r1, [r0]
 208 00b8 CFE7     		b	.L9
 209              	.LVL13:
 210              	.L10:
 225:Drivers/STM32F7xx_HAL_Driver/Src/stm32f7xx_hal_exti.c ****   }
 211              		.loc 1 225 5 is_stmt 1 view .LVU65
 225:Drivers/STM32F7xx_HAL_Driver/Src/stm32f7xx_hal_exti.c ****   }
 212              		.loc 1 225 15 is_stmt 0 view .LVU66
 213 00ba 0449     		ldr	r1, .L17
 214 00bc 4B68     		ldr	r3, [r1, #4]
 215 00be 23EA0203 		bic	r3, r3, r2
 216 00c2 4B60     		str	r3, [r1, #4]
 228:Drivers/STM32F7xx_HAL_Driver/Src/stm32f7xx_hal_exti.c **** }
 217              		.loc 1 228 10 view .LVU67
 218 00c4 0020     		movs	r0, #0
 219 00c6 D1E7     		b	.L2
 220              	.LVL14:
 221              	.L11:
 222              	.LCFI3:
 223              		.cfi_def_cfa_offset 0
 224              		.cfi_restore 4
 225              		.cfi_restore 5
 226              		.cfi_restore 6
 151:Drivers/STM32F7xx_HAL_Driver/Src/stm32f7xx_hal_exti.c ****   }
 227              		.loc 1 151 12 view .LVU68
 228 00c8 0120     		movs	r0, #1
 229              	.LVL15:
 230              		.loc 1 229 1 view .LVU69
 231 00ca 7047     		bx	lr
 232              	.L18:
 233              		.align	2
 234              	.L17:
 235 00cc 003C0140 		.word	1073822720
 236 00d0 00380140 		.word	1073821696
 237              		.cfi_endproc
 238              	.LFE141:
 240              		.section	.text.HAL_EXTI_GetConfigLine,"ax",%progbits
 241              		.align	1
 242              		.global	HAL_EXTI_GetConfigLine
 243              		.syntax unified
 244              		.thumb
 245              		.thumb_func
 247              	HAL_EXTI_GetConfigLine:
 248              	.LVL16:
 249              	.LFB142:
 230:Drivers/STM32F7xx_HAL_Driver/Src/stm32f7xx_hal_exti.c **** 
 231:Drivers/STM32F7xx_HAL_Driver/Src/stm32f7xx_hal_exti.c **** /**
 232:Drivers/STM32F7xx_HAL_Driver/Src/stm32f7xx_hal_exti.c ****   * @brief  Get configuration of a dedicated Exti line.
 233:Drivers/STM32F7xx_HAL_Driver/Src/stm32f7xx_hal_exti.c ****   * @param  hexti Exti handle.
 234:Drivers/STM32F7xx_HAL_Driver/Src/stm32f7xx_hal_exti.c ****   * @param  pExtiConfig Pointer on structure to store Exti configuration.
 235:Drivers/STM32F7xx_HAL_Driver/Src/stm32f7xx_hal_exti.c ****   * @retval HAL Status.
 236:Drivers/STM32F7xx_HAL_Driver/Src/stm32f7xx_hal_exti.c ****   */
 237:Drivers/STM32F7xx_HAL_Driver/Src/stm32f7xx_hal_exti.c **** HAL_StatusTypeDef HAL_EXTI_GetConfigLine(EXTI_HandleTypeDef *hexti, EXTI_ConfigTypeDef *pExtiConfig
 238:Drivers/STM32F7xx_HAL_Driver/Src/stm32f7xx_hal_exti.c **** {
 250              		.loc 1 238 1 is_stmt 1 view -0
 251              		.cfi_startproc
 252              		@ args = 0, pretend = 0, frame = 0
ARM GAS  /tmp/ccBjpfdp.s 			page 10


 253              		@ frame_needed = 0, uses_anonymous_args = 0
 254              		@ link register save eliminated.
 239:Drivers/STM32F7xx_HAL_Driver/Src/stm32f7xx_hal_exti.c ****   uint32_t regval;
 255              		.loc 1 239 3 view .LVU71
 240:Drivers/STM32F7xx_HAL_Driver/Src/stm32f7xx_hal_exti.c ****   uint32_t linepos;
 256              		.loc 1 240 3 view .LVU72
 241:Drivers/STM32F7xx_HAL_Driver/Src/stm32f7xx_hal_exti.c ****   uint32_t maskline;
 257              		.loc 1 241 3 view .LVU73
 242:Drivers/STM32F7xx_HAL_Driver/Src/stm32f7xx_hal_exti.c **** 
 243:Drivers/STM32F7xx_HAL_Driver/Src/stm32f7xx_hal_exti.c ****   /* Check null pointer */
 244:Drivers/STM32F7xx_HAL_Driver/Src/stm32f7xx_hal_exti.c ****   if ((hexti == NULL) || (pExtiConfig == NULL))
 258              		.loc 1 244 3 view .LVU74
 259              		.loc 1 244 39 is_stmt 0 view .LVU75
 260 0000 0B46     		mov	r3, r1
 261              		.loc 1 244 6 view .LVU76
 262 0002 0029     		cmp	r1, #0
 263 0004 18BF     		it	ne
 264 0006 0028     		cmpne	r0, #0
 265 0008 43D0     		beq	.L26
 245:Drivers/STM32F7xx_HAL_Driver/Src/stm32f7xx_hal_exti.c ****   {
 246:Drivers/STM32F7xx_HAL_Driver/Src/stm32f7xx_hal_exti.c ****     return HAL_ERROR;
 247:Drivers/STM32F7xx_HAL_Driver/Src/stm32f7xx_hal_exti.c ****   }
 248:Drivers/STM32F7xx_HAL_Driver/Src/stm32f7xx_hal_exti.c **** 
 249:Drivers/STM32F7xx_HAL_Driver/Src/stm32f7xx_hal_exti.c ****   /* Check the parameter */
 250:Drivers/STM32F7xx_HAL_Driver/Src/stm32f7xx_hal_exti.c ****   assert_param(IS_EXTI_LINE(hexti->Line));
 266              		.loc 1 250 3 is_stmt 1 view .LVU77
 251:Drivers/STM32F7xx_HAL_Driver/Src/stm32f7xx_hal_exti.c **** 
 252:Drivers/STM32F7xx_HAL_Driver/Src/stm32f7xx_hal_exti.c ****   /* Store handle line number to configuration structure */
 253:Drivers/STM32F7xx_HAL_Driver/Src/stm32f7xx_hal_exti.c ****   pExtiConfig->Line = hexti->Line;
 267              		.loc 1 253 3 view .LVU78
 268              		.loc 1 253 28 is_stmt 0 view .LVU79
 269 000a 0068     		ldr	r0, [r0]
 270              	.LVL17:
 271              		.loc 1 253 21 view .LVU80
 272 000c 0860     		str	r0, [r1]
 254:Drivers/STM32F7xx_HAL_Driver/Src/stm32f7xx_hal_exti.c **** 
 255:Drivers/STM32F7xx_HAL_Driver/Src/stm32f7xx_hal_exti.c ****   /* Compute line mask */
 256:Drivers/STM32F7xx_HAL_Driver/Src/stm32f7xx_hal_exti.c ****   linepos = (pExtiConfig->Line & EXTI_PIN_MASK);
 273              		.loc 1 256 3 is_stmt 1 view .LVU81
 274              		.loc 1 256 11 is_stmt 0 view .LVU82
 275 000e 00F01F0C 		and	ip, r0, #31
 276              	.LVL18:
 257:Drivers/STM32F7xx_HAL_Driver/Src/stm32f7xx_hal_exti.c ****   maskline = (1uL << linepos);
 277              		.loc 1 257 3 is_stmt 1 view .LVU83
 278              		.loc 1 257 12 is_stmt 0 view .LVU84
 279 0012 0122     		movs	r2, #1
 280 0014 02FA0CF2 		lsl	r2, r2, ip
 281              	.LVL19:
 258:Drivers/STM32F7xx_HAL_Driver/Src/stm32f7xx_hal_exti.c **** 
 259:Drivers/STM32F7xx_HAL_Driver/Src/stm32f7xx_hal_exti.c ****   /* 1] Get core mode : interrupt */
 260:Drivers/STM32F7xx_HAL_Driver/Src/stm32f7xx_hal_exti.c **** 
 261:Drivers/STM32F7xx_HAL_Driver/Src/stm32f7xx_hal_exti.c ****   /* Check if selected line is enable */
 262:Drivers/STM32F7xx_HAL_Driver/Src/stm32f7xx_hal_exti.c ****   if ((EXTI->IMR & maskline) != 0x00u)
 282              		.loc 1 262 3 is_stmt 1 view .LVU85
 283              		.loc 1 262 12 is_stmt 0 view .LVU86
 284 0018 2049     		ldr	r1, .L30
 285              	.LVL20:
ARM GAS  /tmp/ccBjpfdp.s 			page 11


 286              		.loc 1 262 12 view .LVU87
 287 001a 0968     		ldr	r1, [r1]
 288              		.loc 1 262 6 view .LVU88
 289 001c 1142     		tst	r1, r2
 290 001e 24D0     		beq	.L21
 263:Drivers/STM32F7xx_HAL_Driver/Src/stm32f7xx_hal_exti.c ****   {
 264:Drivers/STM32F7xx_HAL_Driver/Src/stm32f7xx_hal_exti.c ****     pExtiConfig->Mode = EXTI_MODE_INTERRUPT;
 291              		.loc 1 264 5 is_stmt 1 view .LVU89
 292              		.loc 1 264 23 is_stmt 0 view .LVU90
 293 0020 0121     		movs	r1, #1
 294 0022 5960     		str	r1, [r3, #4]
 295              	.L22:
 265:Drivers/STM32F7xx_HAL_Driver/Src/stm32f7xx_hal_exti.c ****   }
 266:Drivers/STM32F7xx_HAL_Driver/Src/stm32f7xx_hal_exti.c ****   else
 267:Drivers/STM32F7xx_HAL_Driver/Src/stm32f7xx_hal_exti.c ****   {
 268:Drivers/STM32F7xx_HAL_Driver/Src/stm32f7xx_hal_exti.c ****     pExtiConfig->Mode = EXTI_MODE_NONE;
 269:Drivers/STM32F7xx_HAL_Driver/Src/stm32f7xx_hal_exti.c ****   }
 270:Drivers/STM32F7xx_HAL_Driver/Src/stm32f7xx_hal_exti.c **** 
 271:Drivers/STM32F7xx_HAL_Driver/Src/stm32f7xx_hal_exti.c ****   /* Get event mode */
 272:Drivers/STM32F7xx_HAL_Driver/Src/stm32f7xx_hal_exti.c ****   /* Check if selected line is enable */
 273:Drivers/STM32F7xx_HAL_Driver/Src/stm32f7xx_hal_exti.c ****   if ((EXTI->EMR & maskline) != 0x00u)
 296              		.loc 1 273 3 is_stmt 1 view .LVU91
 297              		.loc 1 273 12 is_stmt 0 view .LVU92
 298 0024 1D49     		ldr	r1, .L30
 299 0026 4968     		ldr	r1, [r1, #4]
 300              		.loc 1 273 6 view .LVU93
 301 0028 1142     		tst	r1, r2
 302 002a 03D0     		beq	.L23
 274:Drivers/STM32F7xx_HAL_Driver/Src/stm32f7xx_hal_exti.c ****   {
 275:Drivers/STM32F7xx_HAL_Driver/Src/stm32f7xx_hal_exti.c ****     pExtiConfig->Mode |= EXTI_MODE_EVENT;
 303              		.loc 1 275 5 is_stmt 1 view .LVU94
 304              		.loc 1 275 23 is_stmt 0 view .LVU95
 305 002c 5968     		ldr	r1, [r3, #4]
 306 002e 41F00201 		orr	r1, r1, #2
 307 0032 5960     		str	r1, [r3, #4]
 308              	.L23:
 276:Drivers/STM32F7xx_HAL_Driver/Src/stm32f7xx_hal_exti.c ****   }
 277:Drivers/STM32F7xx_HAL_Driver/Src/stm32f7xx_hal_exti.c **** 
 278:Drivers/STM32F7xx_HAL_Driver/Src/stm32f7xx_hal_exti.c ****   /* Get default Trigger and GPIOSel configuration */
 279:Drivers/STM32F7xx_HAL_Driver/Src/stm32f7xx_hal_exti.c ****   pExtiConfig->Trigger = EXTI_TRIGGER_NONE;
 309              		.loc 1 279 3 is_stmt 1 view .LVU96
 310              		.loc 1 279 24 is_stmt 0 view .LVU97
 311 0034 0021     		movs	r1, #0
 312 0036 9960     		str	r1, [r3, #8]
 280:Drivers/STM32F7xx_HAL_Driver/Src/stm32f7xx_hal_exti.c ****   pExtiConfig->GPIOSel = 0x00u;
 313              		.loc 1 280 3 is_stmt 1 view .LVU98
 314              		.loc 1 280 24 is_stmt 0 view .LVU99
 315 0038 D960     		str	r1, [r3, #12]
 281:Drivers/STM32F7xx_HAL_Driver/Src/stm32f7xx_hal_exti.c **** 
 282:Drivers/STM32F7xx_HAL_Driver/Src/stm32f7xx_hal_exti.c ****   /* 2] Get trigger for configurable lines : rising */
 283:Drivers/STM32F7xx_HAL_Driver/Src/stm32f7xx_hal_exti.c ****   if ((pExtiConfig->Line & EXTI_CONFIG) != 0x00u)
 316              		.loc 1 283 3 is_stmt 1 view .LVU100
 317              		.loc 1 283 6 is_stmt 0 view .LVU101
 318 003a 10F0007F 		tst	r0, #33554432
 319 003e 2AD0     		beq	.L27
 284:Drivers/STM32F7xx_HAL_Driver/Src/stm32f7xx_hal_exti.c ****   {
 285:Drivers/STM32F7xx_HAL_Driver/Src/stm32f7xx_hal_exti.c ****     /* Check if configuration of selected line is enable */
ARM GAS  /tmp/ccBjpfdp.s 			page 12


 286:Drivers/STM32F7xx_HAL_Driver/Src/stm32f7xx_hal_exti.c ****     if ((EXTI->RTSR & maskline) != 0x00u)
 320              		.loc 1 286 5 is_stmt 1 view .LVU102
 321              		.loc 1 286 14 is_stmt 0 view .LVU103
 322 0040 1649     		ldr	r1, .L30
 323 0042 8968     		ldr	r1, [r1, #8]
 324              		.loc 1 286 8 view .LVU104
 325 0044 1142     		tst	r1, r2
 326 0046 01D0     		beq	.L24
 287:Drivers/STM32F7xx_HAL_Driver/Src/stm32f7xx_hal_exti.c ****     {
 288:Drivers/STM32F7xx_HAL_Driver/Src/stm32f7xx_hal_exti.c ****       pExtiConfig->Trigger = EXTI_TRIGGER_RISING;
 327              		.loc 1 288 7 is_stmt 1 view .LVU105
 328              		.loc 1 288 28 is_stmt 0 view .LVU106
 329 0048 0121     		movs	r1, #1
 330 004a 9960     		str	r1, [r3, #8]
 331              	.L24:
 289:Drivers/STM32F7xx_HAL_Driver/Src/stm32f7xx_hal_exti.c ****     }
 290:Drivers/STM32F7xx_HAL_Driver/Src/stm32f7xx_hal_exti.c **** 
 291:Drivers/STM32F7xx_HAL_Driver/Src/stm32f7xx_hal_exti.c ****     /* Get falling configuration */
 292:Drivers/STM32F7xx_HAL_Driver/Src/stm32f7xx_hal_exti.c ****     /* Check if configuration of selected line is enable */
 293:Drivers/STM32F7xx_HAL_Driver/Src/stm32f7xx_hal_exti.c ****     if ((EXTI->FTSR & maskline) != 0x00u)
 332              		.loc 1 293 5 is_stmt 1 view .LVU107
 333              		.loc 1 293 14 is_stmt 0 view .LVU108
 334 004c 1349     		ldr	r1, .L30
 335 004e C968     		ldr	r1, [r1, #12]
 336              		.loc 1 293 8 view .LVU109
 337 0050 1142     		tst	r1, r2
 338 0052 03D0     		beq	.L25
 294:Drivers/STM32F7xx_HAL_Driver/Src/stm32f7xx_hal_exti.c ****     {
 295:Drivers/STM32F7xx_HAL_Driver/Src/stm32f7xx_hal_exti.c ****       pExtiConfig->Trigger |= EXTI_TRIGGER_FALLING;
 339              		.loc 1 295 7 is_stmt 1 view .LVU110
 340              		.loc 1 295 28 is_stmt 0 view .LVU111
 341 0054 9A68     		ldr	r2, [r3, #8]
 342              	.LVL21:
 343              		.loc 1 295 28 view .LVU112
 344 0056 42F00202 		orr	r2, r2, #2
 345 005a 9A60     		str	r2, [r3, #8]
 346              	.L25:
 296:Drivers/STM32F7xx_HAL_Driver/Src/stm32f7xx_hal_exti.c ****     }
 297:Drivers/STM32F7xx_HAL_Driver/Src/stm32f7xx_hal_exti.c **** 
 298:Drivers/STM32F7xx_HAL_Driver/Src/stm32f7xx_hal_exti.c ****     /* Get Gpio port selection for gpio lines */
 299:Drivers/STM32F7xx_HAL_Driver/Src/stm32f7xx_hal_exti.c ****     if ((pExtiConfig->Line & EXTI_GPIO) == EXTI_GPIO)
 347              		.loc 1 299 5 is_stmt 1 view .LVU113
 348              		.loc 1 299 28 is_stmt 0 view .LVU114
 349 005c 00F0C062 		and	r2, r0, #100663296
 350              		.loc 1 299 8 view .LVU115
 351 0060 B2F1C06F 		cmp	r2, #100663296
 352 0064 04D0     		beq	.L29
 300:Drivers/STM32F7xx_HAL_Driver/Src/stm32f7xx_hal_exti.c ****     {
 301:Drivers/STM32F7xx_HAL_Driver/Src/stm32f7xx_hal_exti.c ****       assert_param(IS_EXTI_GPIO_PIN(linepos));
 302:Drivers/STM32F7xx_HAL_Driver/Src/stm32f7xx_hal_exti.c **** 
 303:Drivers/STM32F7xx_HAL_Driver/Src/stm32f7xx_hal_exti.c ****       regval = SYSCFG->EXTICR[linepos >> 2u];
 304:Drivers/STM32F7xx_HAL_Driver/Src/stm32f7xx_hal_exti.c ****       pExtiConfig->GPIOSel = ((regval << (SYSCFG_EXTICR1_EXTI1_Pos * (3uL - (linepos & 0x03u)))) >>
 305:Drivers/STM32F7xx_HAL_Driver/Src/stm32f7xx_hal_exti.c ****     }
 306:Drivers/STM32F7xx_HAL_Driver/Src/stm32f7xx_hal_exti.c ****   }
 307:Drivers/STM32F7xx_HAL_Driver/Src/stm32f7xx_hal_exti.c **** 
 308:Drivers/STM32F7xx_HAL_Driver/Src/stm32f7xx_hal_exti.c ****   return HAL_OK;
 353              		.loc 1 308 10 view .LVU116
ARM GAS  /tmp/ccBjpfdp.s 			page 13


 354 0066 0020     		movs	r0, #0
 309:Drivers/STM32F7xx_HAL_Driver/Src/stm32f7xx_hal_exti.c **** }
 355              		.loc 1 309 1 view .LVU117
 356 0068 7047     		bx	lr
 357              	.LVL22:
 358              	.L21:
 268:Drivers/STM32F7xx_HAL_Driver/Src/stm32f7xx_hal_exti.c ****   }
 359              		.loc 1 268 5 is_stmt 1 view .LVU118
 268:Drivers/STM32F7xx_HAL_Driver/Src/stm32f7xx_hal_exti.c ****   }
 360              		.loc 1 268 23 is_stmt 0 view .LVU119
 361 006a 0021     		movs	r1, #0
 362 006c 5960     		str	r1, [r3, #4]
 363 006e D9E7     		b	.L22
 364              	.LVL23:
 365              	.L29:
 301:Drivers/STM32F7xx_HAL_Driver/Src/stm32f7xx_hal_exti.c **** 
 366              		.loc 1 301 7 is_stmt 1 view .LVU120
 303:Drivers/STM32F7xx_HAL_Driver/Src/stm32f7xx_hal_exti.c ****       pExtiConfig->GPIOSel = ((regval << (SYSCFG_EXTICR1_EXTI1_Pos * (3uL - (linepos & 0x03u)))) >>
 367              		.loc 1 303 7 view .LVU121
 303:Drivers/STM32F7xx_HAL_Driver/Src/stm32f7xx_hal_exti.c ****       pExtiConfig->GPIOSel = ((regval << (SYSCFG_EXTICR1_EXTI1_Pos * (3uL - (linepos & 0x03u)))) >>
 368              		.loc 1 303 39 is_stmt 0 view .LVU122
 369 0070 4FEA9C02 		lsr	r2, ip, #2
 303:Drivers/STM32F7xx_HAL_Driver/Src/stm32f7xx_hal_exti.c ****       pExtiConfig->GPIOSel = ((regval << (SYSCFG_EXTICR1_EXTI1_Pos * (3uL - (linepos & 0x03u)))) >>
 370              		.loc 1 303 14 view .LVU123
 371 0074 0232     		adds	r2, r2, #2
 372 0076 0A49     		ldr	r1, .L30+4
 373 0078 51F82210 		ldr	r1, [r1, r2, lsl #2]
 374              	.LVL24:
 304:Drivers/STM32F7xx_HAL_Driver/Src/stm32f7xx_hal_exti.c ****     }
 375              		.loc 1 304 7 is_stmt 1 view .LVU124
 304:Drivers/STM32F7xx_HAL_Driver/Src/stm32f7xx_hal_exti.c ****     }
 376              		.loc 1 304 75 is_stmt 0 view .LVU125
 377 007c 6FEA0C02 		mvn	r2, ip
 378 0080 02F00302 		and	r2, r2, #3
 304:Drivers/STM32F7xx_HAL_Driver/Src/stm32f7xx_hal_exti.c ****     }
 379              		.loc 1 304 68 view .LVU126
 380 0084 9200     		lsls	r2, r2, #2
 304:Drivers/STM32F7xx_HAL_Driver/Src/stm32f7xx_hal_exti.c ****     }
 381              		.loc 1 304 39 view .LVU127
 382 0086 01FA02F2 		lsl	r2, r1, r2
 304:Drivers/STM32F7xx_HAL_Driver/Src/stm32f7xx_hal_exti.c ****     }
 383              		.loc 1 304 98 view .LVU128
 384 008a 120E     		lsrs	r2, r2, #24
 304:Drivers/STM32F7xx_HAL_Driver/Src/stm32f7xx_hal_exti.c ****     }
 385              		.loc 1 304 28 view .LVU129
 386 008c DA60     		str	r2, [r3, #12]
 308:Drivers/STM32F7xx_HAL_Driver/Src/stm32f7xx_hal_exti.c **** }
 387              		.loc 1 308 10 view .LVU130
 388 008e 0020     		movs	r0, #0
 389 0090 7047     		bx	lr
 390              	.LVL25:
 391              	.L26:
 246:Drivers/STM32F7xx_HAL_Driver/Src/stm32f7xx_hal_exti.c ****   }
 392              		.loc 1 246 12 view .LVU131
 393 0092 0120     		movs	r0, #1
 394              	.LVL26:
 246:Drivers/STM32F7xx_HAL_Driver/Src/stm32f7xx_hal_exti.c ****   }
ARM GAS  /tmp/ccBjpfdp.s 			page 14


 395              		.loc 1 246 12 view .LVU132
 396 0094 7047     		bx	lr
 397              	.LVL27:
 398              	.L27:
 308:Drivers/STM32F7xx_HAL_Driver/Src/stm32f7xx_hal_exti.c **** }
 399              		.loc 1 308 10 view .LVU133
 400 0096 0020     		movs	r0, #0
 401 0098 7047     		bx	lr
 402              	.L31:
 403 009a 00BF     		.align	2
 404              	.L30:
 405 009c 003C0140 		.word	1073822720
 406 00a0 00380140 		.word	1073821696
 407              		.cfi_endproc
 408              	.LFE142:
 410              		.section	.text.HAL_EXTI_ClearConfigLine,"ax",%progbits
 411              		.align	1
 412              		.global	HAL_EXTI_ClearConfigLine
 413              		.syntax unified
 414              		.thumb
 415              		.thumb_func
 417              	HAL_EXTI_ClearConfigLine:
 418              	.LVL28:
 419              	.LFB143:
 310:Drivers/STM32F7xx_HAL_Driver/Src/stm32f7xx_hal_exti.c **** 
 311:Drivers/STM32F7xx_HAL_Driver/Src/stm32f7xx_hal_exti.c **** /**
 312:Drivers/STM32F7xx_HAL_Driver/Src/stm32f7xx_hal_exti.c ****   * @brief  Clear whole configuration of a dedicated Exti line.
 313:Drivers/STM32F7xx_HAL_Driver/Src/stm32f7xx_hal_exti.c ****   * @param  hexti Exti handle.
 314:Drivers/STM32F7xx_HAL_Driver/Src/stm32f7xx_hal_exti.c ****   * @retval HAL Status.
 315:Drivers/STM32F7xx_HAL_Driver/Src/stm32f7xx_hal_exti.c ****   */
 316:Drivers/STM32F7xx_HAL_Driver/Src/stm32f7xx_hal_exti.c **** HAL_StatusTypeDef HAL_EXTI_ClearConfigLine(EXTI_HandleTypeDef *hexti)
 317:Drivers/STM32F7xx_HAL_Driver/Src/stm32f7xx_hal_exti.c **** {
 420              		.loc 1 317 1 is_stmt 1 view -0
 421              		.cfi_startproc
 422              		@ args = 0, pretend = 0, frame = 0
 423              		@ frame_needed = 0, uses_anonymous_args = 0
 318:Drivers/STM32F7xx_HAL_Driver/Src/stm32f7xx_hal_exti.c ****   uint32_t regval;
 424              		.loc 1 318 3 view .LVU135
 319:Drivers/STM32F7xx_HAL_Driver/Src/stm32f7xx_hal_exti.c ****   uint32_t linepos;
 425              		.loc 1 319 3 view .LVU136
 320:Drivers/STM32F7xx_HAL_Driver/Src/stm32f7xx_hal_exti.c ****   uint32_t maskline;
 426              		.loc 1 320 3 view .LVU137
 321:Drivers/STM32F7xx_HAL_Driver/Src/stm32f7xx_hal_exti.c **** 
 322:Drivers/STM32F7xx_HAL_Driver/Src/stm32f7xx_hal_exti.c ****   /* Check null pointer */
 323:Drivers/STM32F7xx_HAL_Driver/Src/stm32f7xx_hal_exti.c ****   if (hexti == NULL)
 427              		.loc 1 323 3 view .LVU138
 428              		.loc 1 323 6 is_stmt 0 view .LVU139
 429 0000 0028     		cmp	r0, #0
 430 0002 37D0     		beq	.L34
 317:Drivers/STM32F7xx_HAL_Driver/Src/stm32f7xx_hal_exti.c ****   uint32_t regval;
 431              		.loc 1 317 1 view .LVU140
 432 0004 10B5     		push	{r4, lr}
 433              	.LCFI4:
 434              		.cfi_def_cfa_offset 8
 435              		.cfi_offset 4, -8
 436              		.cfi_offset 14, -4
 437 0006 8446     		mov	ip, r0
ARM GAS  /tmp/ccBjpfdp.s 			page 15


 324:Drivers/STM32F7xx_HAL_Driver/Src/stm32f7xx_hal_exti.c ****   {
 325:Drivers/STM32F7xx_HAL_Driver/Src/stm32f7xx_hal_exti.c ****     return HAL_ERROR;
 326:Drivers/STM32F7xx_HAL_Driver/Src/stm32f7xx_hal_exti.c ****   }
 327:Drivers/STM32F7xx_HAL_Driver/Src/stm32f7xx_hal_exti.c **** 
 328:Drivers/STM32F7xx_HAL_Driver/Src/stm32f7xx_hal_exti.c ****   /* Check the parameter */
 329:Drivers/STM32F7xx_HAL_Driver/Src/stm32f7xx_hal_exti.c ****   assert_param(IS_EXTI_LINE(hexti->Line));
 438              		.loc 1 329 3 is_stmt 1 view .LVU141
 330:Drivers/STM32F7xx_HAL_Driver/Src/stm32f7xx_hal_exti.c **** 
 331:Drivers/STM32F7xx_HAL_Driver/Src/stm32f7xx_hal_exti.c ****   /* compute line mask */
 332:Drivers/STM32F7xx_HAL_Driver/Src/stm32f7xx_hal_exti.c ****   linepos = (hexti->Line & EXTI_PIN_MASK);
 439              		.loc 1 332 3 view .LVU142
 440              		.loc 1 332 19 is_stmt 0 view .LVU143
 441 0008 0468     		ldr	r4, [r0]
 442              		.loc 1 332 11 view .LVU144
 443 000a 04F01F00 		and	r0, r4, #31
 444              	.LVL29:
 333:Drivers/STM32F7xx_HAL_Driver/Src/stm32f7xx_hal_exti.c ****   maskline = (1uL << linepos);
 445              		.loc 1 333 3 is_stmt 1 view .LVU145
 446              		.loc 1 333 12 is_stmt 0 view .LVU146
 447 000e 0123     		movs	r3, #1
 448 0010 8340     		lsls	r3, r3, r0
 449              	.LVL30:
 334:Drivers/STM32F7xx_HAL_Driver/Src/stm32f7xx_hal_exti.c **** 
 335:Drivers/STM32F7xx_HAL_Driver/Src/stm32f7xx_hal_exti.c ****   /* 1] Clear interrupt mode */
 336:Drivers/STM32F7xx_HAL_Driver/Src/stm32f7xx_hal_exti.c ****   EXTI->IMR = (EXTI->IMR & ~maskline);
 450              		.loc 1 336 3 is_stmt 1 view .LVU147
 451              		.loc 1 336 20 is_stmt 0 view .LVU148
 452 0012 1A4A     		ldr	r2, .L42
 453 0014 1168     		ldr	r1, [r2]
 454              		.loc 1 336 28 view .LVU149
 455 0016 6FEA030E 		mvn	lr, r3
 456              		.loc 1 336 26 view .LVU150
 457 001a 21EA0301 		bic	r1, r1, r3
 458              		.loc 1 336 13 view .LVU151
 459 001e 1160     		str	r1, [r2]
 337:Drivers/STM32F7xx_HAL_Driver/Src/stm32f7xx_hal_exti.c **** 
 338:Drivers/STM32F7xx_HAL_Driver/Src/stm32f7xx_hal_exti.c ****   /* 2] Clear event mode */
 339:Drivers/STM32F7xx_HAL_Driver/Src/stm32f7xx_hal_exti.c ****   EXTI->EMR = (EXTI->EMR & ~maskline);
 460              		.loc 1 339 3 is_stmt 1 view .LVU152
 461              		.loc 1 339 20 is_stmt 0 view .LVU153
 462 0020 5168     		ldr	r1, [r2, #4]
 463              		.loc 1 339 26 view .LVU154
 464 0022 21EA0303 		bic	r3, r1, r3
 465              	.LVL31:
 466              		.loc 1 339 13 view .LVU155
 467 0026 5360     		str	r3, [r2, #4]
 340:Drivers/STM32F7xx_HAL_Driver/Src/stm32f7xx_hal_exti.c **** 
 341:Drivers/STM32F7xx_HAL_Driver/Src/stm32f7xx_hal_exti.c ****   /* 3] Clear triggers in case of configurable lines */
 342:Drivers/STM32F7xx_HAL_Driver/Src/stm32f7xx_hal_exti.c ****   if ((hexti->Line & EXTI_CONFIG) != 0x00u)
 468              		.loc 1 342 3 is_stmt 1 view .LVU156
 469              		.loc 1 342 13 is_stmt 0 view .LVU157
 470 0028 DCF80030 		ldr	r3, [ip]
 471              		.loc 1 342 6 view .LVU158
 472 002c 13F0007F 		tst	r3, #33554432
 473 0030 22D0     		beq	.L35
 343:Drivers/STM32F7xx_HAL_Driver/Src/stm32f7xx_hal_exti.c ****   {
 344:Drivers/STM32F7xx_HAL_Driver/Src/stm32f7xx_hal_exti.c ****     EXTI->RTSR = (EXTI->RTSR & ~maskline);
ARM GAS  /tmp/ccBjpfdp.s 			page 16


 474              		.loc 1 344 5 is_stmt 1 view .LVU159
 475              		.loc 1 344 23 is_stmt 0 view .LVU160
 476 0032 9368     		ldr	r3, [r2, #8]
 477              		.loc 1 344 30 view .LVU161
 478 0034 0EEA0303 		and	r3, lr, r3
 479              		.loc 1 344 16 view .LVU162
 480 0038 9360     		str	r3, [r2, #8]
 345:Drivers/STM32F7xx_HAL_Driver/Src/stm32f7xx_hal_exti.c ****     EXTI->FTSR = (EXTI->FTSR & ~maskline);
 481              		.loc 1 345 5 is_stmt 1 view .LVU163
 482              		.loc 1 345 23 is_stmt 0 view .LVU164
 483 003a D368     		ldr	r3, [r2, #12]
 484              		.loc 1 345 30 view .LVU165
 485 003c 0EEA0303 		and	r3, lr, r3
 486              		.loc 1 345 16 view .LVU166
 487 0040 D360     		str	r3, [r2, #12]
 346:Drivers/STM32F7xx_HAL_Driver/Src/stm32f7xx_hal_exti.c **** 
 347:Drivers/STM32F7xx_HAL_Driver/Src/stm32f7xx_hal_exti.c ****     /* Get Gpio port selection for gpio lines */
 348:Drivers/STM32F7xx_HAL_Driver/Src/stm32f7xx_hal_exti.c ****     if ((hexti->Line & EXTI_GPIO) == EXTI_GPIO)
 488              		.loc 1 348 5 is_stmt 1 view .LVU167
 489              		.loc 1 348 15 is_stmt 0 view .LVU168
 490 0042 DCF80030 		ldr	r3, [ip]
 491              		.loc 1 348 22 view .LVU169
 492 0046 03F0C063 		and	r3, r3, #100663296
 493              		.loc 1 348 8 view .LVU170
 494 004a B3F1C06F 		cmp	r3, #100663296
 495 004e 01D0     		beq	.L41
 349:Drivers/STM32F7xx_HAL_Driver/Src/stm32f7xx_hal_exti.c ****     {
 350:Drivers/STM32F7xx_HAL_Driver/Src/stm32f7xx_hal_exti.c ****       assert_param(IS_EXTI_GPIO_PIN(linepos));
 351:Drivers/STM32F7xx_HAL_Driver/Src/stm32f7xx_hal_exti.c **** 
 352:Drivers/STM32F7xx_HAL_Driver/Src/stm32f7xx_hal_exti.c ****       regval = SYSCFG->EXTICR[linepos >> 2u];
 353:Drivers/STM32F7xx_HAL_Driver/Src/stm32f7xx_hal_exti.c ****       regval &= ~(SYSCFG_EXTICR1_EXTI0 << (SYSCFG_EXTICR1_EXTI1_Pos * (linepos & 0x03u)));
 354:Drivers/STM32F7xx_HAL_Driver/Src/stm32f7xx_hal_exti.c ****       SYSCFG->EXTICR[linepos >> 2u] = regval;
 355:Drivers/STM32F7xx_HAL_Driver/Src/stm32f7xx_hal_exti.c ****     }
 356:Drivers/STM32F7xx_HAL_Driver/Src/stm32f7xx_hal_exti.c ****   }
 357:Drivers/STM32F7xx_HAL_Driver/Src/stm32f7xx_hal_exti.c **** 
 358:Drivers/STM32F7xx_HAL_Driver/Src/stm32f7xx_hal_exti.c ****   return HAL_OK;
 496              		.loc 1 358 10 view .LVU171
 497 0050 0020     		movs	r0, #0
 498              	.LVL32:
 499              		.loc 1 358 10 view .LVU172
 500 0052 12E0     		b	.L33
 501              	.LVL33:
 502              	.L41:
 350:Drivers/STM32F7xx_HAL_Driver/Src/stm32f7xx_hal_exti.c **** 
 503              		.loc 1 350 7 is_stmt 1 view .LVU173
 352:Drivers/STM32F7xx_HAL_Driver/Src/stm32f7xx_hal_exti.c ****       regval &= ~(SYSCFG_EXTICR1_EXTI0 << (SYSCFG_EXTICR1_EXTI1_Pos * (linepos & 0x03u)));
 504              		.loc 1 352 7 view .LVU174
 352:Drivers/STM32F7xx_HAL_Driver/Src/stm32f7xx_hal_exti.c ****       regval &= ~(SYSCFG_EXTICR1_EXTI0 << (SYSCFG_EXTICR1_EXTI1_Pos * (linepos & 0x03u)));
 505              		.loc 1 352 39 is_stmt 0 view .LVU175
 506 0054 8008     		lsrs	r0, r0, #2
 507              	.LVL34:
 352:Drivers/STM32F7xx_HAL_Driver/Src/stm32f7xx_hal_exti.c ****       regval &= ~(SYSCFG_EXTICR1_EXTI0 << (SYSCFG_EXTICR1_EXTI1_Pos * (linepos & 0x03u)));
 508              		.loc 1 352 14 view .LVU176
 509 0056 0A49     		ldr	r1, .L42+4
 510 0058 0230     		adds	r0, r0, #2
 511 005a 51F82030 		ldr	r3, [r1, r0, lsl #2]
 512              	.LVL35:
ARM GAS  /tmp/ccBjpfdp.s 			page 17


 353:Drivers/STM32F7xx_HAL_Driver/Src/stm32f7xx_hal_exti.c ****       SYSCFG->EXTICR[linepos >> 2u] = regval;
 513              		.loc 1 353 7 is_stmt 1 view .LVU177
 353:Drivers/STM32F7xx_HAL_Driver/Src/stm32f7xx_hal_exti.c ****       SYSCFG->EXTICR[linepos >> 2u] = regval;
 514              		.loc 1 353 80 is_stmt 0 view .LVU178
 515 005e 04F00304 		and	r4, r4, #3
 516              	.LVL36:
 353:Drivers/STM32F7xx_HAL_Driver/Src/stm32f7xx_hal_exti.c ****       SYSCFG->EXTICR[linepos >> 2u] = regval;
 517              		.loc 1 353 69 view .LVU179
 518 0062 A400     		lsls	r4, r4, #2
 353:Drivers/STM32F7xx_HAL_Driver/Src/stm32f7xx_hal_exti.c ****       SYSCFG->EXTICR[linepos >> 2u] = regval;
 519              		.loc 1 353 40 view .LVU180
 520 0064 0F22     		movs	r2, #15
 521 0066 A240     		lsls	r2, r2, r4
 353:Drivers/STM32F7xx_HAL_Driver/Src/stm32f7xx_hal_exti.c ****       SYSCFG->EXTICR[linepos >> 2u] = regval;
 522              		.loc 1 353 14 view .LVU181
 523 0068 23EA0203 		bic	r3, r3, r2
 524              	.LVL37:
 354:Drivers/STM32F7xx_HAL_Driver/Src/stm32f7xx_hal_exti.c ****     }
 525              		.loc 1 354 7 is_stmt 1 view .LVU182
 354:Drivers/STM32F7xx_HAL_Driver/Src/stm32f7xx_hal_exti.c ****     }
 526              		.loc 1 354 37 is_stmt 0 view .LVU183
 527 006c 41F82030 		str	r3, [r1, r0, lsl #2]
 528              		.loc 1 358 10 view .LVU184
 529 0070 0020     		movs	r0, #0
 530 0072 02E0     		b	.L33
 531              	.LVL38:
 532              	.L34:
 533              	.LCFI5:
 534              		.cfi_def_cfa_offset 0
 535              		.cfi_restore 4
 536              		.cfi_restore 14
 325:Drivers/STM32F7xx_HAL_Driver/Src/stm32f7xx_hal_exti.c ****   }
 537              		.loc 1 325 12 view .LVU185
 538 0074 0120     		movs	r0, #1
 539              	.LVL39:
 359:Drivers/STM32F7xx_HAL_Driver/Src/stm32f7xx_hal_exti.c **** }
 540              		.loc 1 359 1 view .LVU186
 541 0076 7047     		bx	lr
 542              	.LVL40:
 543              	.L35:
 544              	.LCFI6:
 545              		.cfi_def_cfa_offset 8
 546              		.cfi_offset 4, -8
 547              		.cfi_offset 14, -4
 358:Drivers/STM32F7xx_HAL_Driver/Src/stm32f7xx_hal_exti.c **** }
 548              		.loc 1 358 10 view .LVU187
 549 0078 0020     		movs	r0, #0
 550              	.LVL41:
 551              	.L33:
 552              		.loc 1 359 1 view .LVU188
 553 007a 10BD     		pop	{r4, pc}
 554              	.L43:
 555              		.align	2
 556              	.L42:
 557 007c 003C0140 		.word	1073822720
 558 0080 00380140 		.word	1073821696
 559              		.cfi_endproc
ARM GAS  /tmp/ccBjpfdp.s 			page 18


 560              	.LFE143:
 562              		.section	.text.HAL_EXTI_RegisterCallback,"ax",%progbits
 563              		.align	1
 564              		.global	HAL_EXTI_RegisterCallback
 565              		.syntax unified
 566              		.thumb
 567              		.thumb_func
 569              	HAL_EXTI_RegisterCallback:
 570              	.LVL42:
 571              	.LFB144:
 360:Drivers/STM32F7xx_HAL_Driver/Src/stm32f7xx_hal_exti.c **** 
 361:Drivers/STM32F7xx_HAL_Driver/Src/stm32f7xx_hal_exti.c **** /**
 362:Drivers/STM32F7xx_HAL_Driver/Src/stm32f7xx_hal_exti.c ****   * @brief  Register callback for a dedicated Exti line.
 363:Drivers/STM32F7xx_HAL_Driver/Src/stm32f7xx_hal_exti.c ****   * @param  hexti Exti handle.
 364:Drivers/STM32F7xx_HAL_Driver/Src/stm32f7xx_hal_exti.c ****   * @param  CallbackID User callback identifier.
 365:Drivers/STM32F7xx_HAL_Driver/Src/stm32f7xx_hal_exti.c ****   *         This parameter can be one of @arg @ref EXTI_CallbackIDTypeDef values.
 366:Drivers/STM32F7xx_HAL_Driver/Src/stm32f7xx_hal_exti.c ****   * @param  pPendingCbfn function pointer to be stored as callback.
 367:Drivers/STM32F7xx_HAL_Driver/Src/stm32f7xx_hal_exti.c ****   * @retval HAL Status.
 368:Drivers/STM32F7xx_HAL_Driver/Src/stm32f7xx_hal_exti.c ****   */
 369:Drivers/STM32F7xx_HAL_Driver/Src/stm32f7xx_hal_exti.c **** HAL_StatusTypeDef HAL_EXTI_RegisterCallback(EXTI_HandleTypeDef *hexti, EXTI_CallbackIDTypeDef Callb
 370:Drivers/STM32F7xx_HAL_Driver/Src/stm32f7xx_hal_exti.c **** {
 572              		.loc 1 370 1 is_stmt 1 view -0
 573              		.cfi_startproc
 574              		@ args = 0, pretend = 0, frame = 0
 575              		@ frame_needed = 0, uses_anonymous_args = 0
 576              		@ link register save eliminated.
 577              		.loc 1 370 1 is_stmt 0 view .LVU190
 578 0000 0346     		mov	r3, r0
 371:Drivers/STM32F7xx_HAL_Driver/Src/stm32f7xx_hal_exti.c ****   HAL_StatusTypeDef status = HAL_OK;
 579              		.loc 1 371 3 is_stmt 1 view .LVU191
 580              	.LVL43:
 372:Drivers/STM32F7xx_HAL_Driver/Src/stm32f7xx_hal_exti.c **** 
 373:Drivers/STM32F7xx_HAL_Driver/Src/stm32f7xx_hal_exti.c ****   switch (CallbackID)
 581              		.loc 1 373 3 view .LVU192
 582 0002 0846     		mov	r0, r1
 583              	.LVL44:
 584              		.loc 1 373 3 is_stmt 0 view .LVU193
 585 0004 09B9     		cbnz	r1, .L46
 374:Drivers/STM32F7xx_HAL_Driver/Src/stm32f7xx_hal_exti.c ****   {
 375:Drivers/STM32F7xx_HAL_Driver/Src/stm32f7xx_hal_exti.c ****     case  HAL_EXTI_COMMON_CB_ID:
 376:Drivers/STM32F7xx_HAL_Driver/Src/stm32f7xx_hal_exti.c ****       hexti->PendingCallback = pPendingCbfn;
 586              		.loc 1 376 7 is_stmt 1 view .LVU194
 587              		.loc 1 376 30 is_stmt 0 view .LVU195
 588 0006 5A60     		str	r2, [r3, #4]
 377:Drivers/STM32F7xx_HAL_Driver/Src/stm32f7xx_hal_exti.c ****       break;
 589              		.loc 1 377 7 is_stmt 1 view .LVU196
 590 0008 7047     		bx	lr
 591              	.L46:
 378:Drivers/STM32F7xx_HAL_Driver/Src/stm32f7xx_hal_exti.c **** 
 379:Drivers/STM32F7xx_HAL_Driver/Src/stm32f7xx_hal_exti.c ****     default:
 380:Drivers/STM32F7xx_HAL_Driver/Src/stm32f7xx_hal_exti.c ****       status = HAL_ERROR;
 592              		.loc 1 380 14 is_stmt 0 view .LVU197
 593 000a 0120     		movs	r0, #1
 594              	.LVL45:
 381:Drivers/STM32F7xx_HAL_Driver/Src/stm32f7xx_hal_exti.c ****       break;
 382:Drivers/STM32F7xx_HAL_Driver/Src/stm32f7xx_hal_exti.c ****   }
 383:Drivers/STM32F7xx_HAL_Driver/Src/stm32f7xx_hal_exti.c **** 
ARM GAS  /tmp/ccBjpfdp.s 			page 19


 384:Drivers/STM32F7xx_HAL_Driver/Src/stm32f7xx_hal_exti.c ****   return status;
 595              		.loc 1 384 3 is_stmt 1 view .LVU198
 385:Drivers/STM32F7xx_HAL_Driver/Src/stm32f7xx_hal_exti.c **** }
 596              		.loc 1 385 1 is_stmt 0 view .LVU199
 597 000c 7047     		bx	lr
 598              		.cfi_endproc
 599              	.LFE144:
 601              		.section	.text.HAL_EXTI_GetHandle,"ax",%progbits
 602              		.align	1
 603              		.global	HAL_EXTI_GetHandle
 604              		.syntax unified
 605              		.thumb
 606              		.thumb_func
 608              	HAL_EXTI_GetHandle:
 609              	.LVL46:
 610              	.LFB145:
 386:Drivers/STM32F7xx_HAL_Driver/Src/stm32f7xx_hal_exti.c **** 
 387:Drivers/STM32F7xx_HAL_Driver/Src/stm32f7xx_hal_exti.c **** /**
 388:Drivers/STM32F7xx_HAL_Driver/Src/stm32f7xx_hal_exti.c ****   * @brief  Store line number as handle private field.
 389:Drivers/STM32F7xx_HAL_Driver/Src/stm32f7xx_hal_exti.c ****   * @param  hexti Exti handle.
 390:Drivers/STM32F7xx_HAL_Driver/Src/stm32f7xx_hal_exti.c ****   * @param  ExtiLine Exti line number.
 391:Drivers/STM32F7xx_HAL_Driver/Src/stm32f7xx_hal_exti.c ****   *         This parameter can be from 0 to @ref EXTI_LINE_NB.
 392:Drivers/STM32F7xx_HAL_Driver/Src/stm32f7xx_hal_exti.c ****   * @retval HAL Status.
 393:Drivers/STM32F7xx_HAL_Driver/Src/stm32f7xx_hal_exti.c ****   */
 394:Drivers/STM32F7xx_HAL_Driver/Src/stm32f7xx_hal_exti.c **** HAL_StatusTypeDef HAL_EXTI_GetHandle(EXTI_HandleTypeDef *hexti, uint32_t ExtiLine)
 395:Drivers/STM32F7xx_HAL_Driver/Src/stm32f7xx_hal_exti.c **** {
 611              		.loc 1 395 1 is_stmt 1 view -0
 612              		.cfi_startproc
 613              		@ args = 0, pretend = 0, frame = 0
 614              		@ frame_needed = 0, uses_anonymous_args = 0
 615              		@ link register save eliminated.
 396:Drivers/STM32F7xx_HAL_Driver/Src/stm32f7xx_hal_exti.c ****   /* Check the parameters */
 397:Drivers/STM32F7xx_HAL_Driver/Src/stm32f7xx_hal_exti.c ****   assert_param(IS_EXTI_LINE(ExtiLine));
 616              		.loc 1 397 3 view .LVU201
 398:Drivers/STM32F7xx_HAL_Driver/Src/stm32f7xx_hal_exti.c **** 
 399:Drivers/STM32F7xx_HAL_Driver/Src/stm32f7xx_hal_exti.c ****   /* Check null pointer */
 400:Drivers/STM32F7xx_HAL_Driver/Src/stm32f7xx_hal_exti.c ****   if (hexti == NULL)
 617              		.loc 1 400 3 view .LVU202
 618              		.loc 1 400 6 is_stmt 0 view .LVU203
 619 0000 10B1     		cbz	r0, .L49
 401:Drivers/STM32F7xx_HAL_Driver/Src/stm32f7xx_hal_exti.c ****   {
 402:Drivers/STM32F7xx_HAL_Driver/Src/stm32f7xx_hal_exti.c ****     return HAL_ERROR;
 403:Drivers/STM32F7xx_HAL_Driver/Src/stm32f7xx_hal_exti.c ****   }
 404:Drivers/STM32F7xx_HAL_Driver/Src/stm32f7xx_hal_exti.c ****   else
 405:Drivers/STM32F7xx_HAL_Driver/Src/stm32f7xx_hal_exti.c ****   {
 406:Drivers/STM32F7xx_HAL_Driver/Src/stm32f7xx_hal_exti.c ****     /* Store line number as handle private field */
 407:Drivers/STM32F7xx_HAL_Driver/Src/stm32f7xx_hal_exti.c ****     hexti->Line = ExtiLine;
 620              		.loc 1 407 5 is_stmt 1 view .LVU204
 621              		.loc 1 407 17 is_stmt 0 view .LVU205
 622 0002 0160     		str	r1, [r0]
 408:Drivers/STM32F7xx_HAL_Driver/Src/stm32f7xx_hal_exti.c **** 
 409:Drivers/STM32F7xx_HAL_Driver/Src/stm32f7xx_hal_exti.c ****     return HAL_OK;
 623              		.loc 1 409 5 is_stmt 1 view .LVU206
 624              		.loc 1 409 12 is_stmt 0 view .LVU207
 625 0004 0020     		movs	r0, #0
 626              	.LVL47:
 627              		.loc 1 409 12 view .LVU208
ARM GAS  /tmp/ccBjpfdp.s 			page 20


 628 0006 7047     		bx	lr
 629              	.LVL48:
 630              	.L49:
 402:Drivers/STM32F7xx_HAL_Driver/Src/stm32f7xx_hal_exti.c ****   }
 631              		.loc 1 402 12 view .LVU209
 632 0008 0120     		movs	r0, #1
 633              	.LVL49:
 410:Drivers/STM32F7xx_HAL_Driver/Src/stm32f7xx_hal_exti.c ****   }
 411:Drivers/STM32F7xx_HAL_Driver/Src/stm32f7xx_hal_exti.c **** }
 634              		.loc 1 411 1 view .LVU210
 635 000a 7047     		bx	lr
 636              		.cfi_endproc
 637              	.LFE145:
 639              		.section	.text.HAL_EXTI_IRQHandler,"ax",%progbits
 640              		.align	1
 641              		.global	HAL_EXTI_IRQHandler
 642              		.syntax unified
 643              		.thumb
 644              		.thumb_func
 646              	HAL_EXTI_IRQHandler:
 647              	.LVL50:
 648              	.LFB146:
 412:Drivers/STM32F7xx_HAL_Driver/Src/stm32f7xx_hal_exti.c **** 
 413:Drivers/STM32F7xx_HAL_Driver/Src/stm32f7xx_hal_exti.c **** /**
 414:Drivers/STM32F7xx_HAL_Driver/Src/stm32f7xx_hal_exti.c ****   * @}
 415:Drivers/STM32F7xx_HAL_Driver/Src/stm32f7xx_hal_exti.c ****   */
 416:Drivers/STM32F7xx_HAL_Driver/Src/stm32f7xx_hal_exti.c **** 
 417:Drivers/STM32F7xx_HAL_Driver/Src/stm32f7xx_hal_exti.c **** /** @addtogroup EXTI_Exported_Functions_Group2
 418:Drivers/STM32F7xx_HAL_Driver/Src/stm32f7xx_hal_exti.c ****   *  @brief EXTI IO functions.
 419:Drivers/STM32F7xx_HAL_Driver/Src/stm32f7xx_hal_exti.c ****   *
 420:Drivers/STM32F7xx_HAL_Driver/Src/stm32f7xx_hal_exti.c **** @verbatim
 421:Drivers/STM32F7xx_HAL_Driver/Src/stm32f7xx_hal_exti.c ****  ===============================================================================
 422:Drivers/STM32F7xx_HAL_Driver/Src/stm32f7xx_hal_exti.c ****                        ##### IO operation functions #####
 423:Drivers/STM32F7xx_HAL_Driver/Src/stm32f7xx_hal_exti.c ****  ===============================================================================
 424:Drivers/STM32F7xx_HAL_Driver/Src/stm32f7xx_hal_exti.c **** 
 425:Drivers/STM32F7xx_HAL_Driver/Src/stm32f7xx_hal_exti.c **** @endverbatim
 426:Drivers/STM32F7xx_HAL_Driver/Src/stm32f7xx_hal_exti.c ****   * @{
 427:Drivers/STM32F7xx_HAL_Driver/Src/stm32f7xx_hal_exti.c ****   */
 428:Drivers/STM32F7xx_HAL_Driver/Src/stm32f7xx_hal_exti.c **** 
 429:Drivers/STM32F7xx_HAL_Driver/Src/stm32f7xx_hal_exti.c **** /**
 430:Drivers/STM32F7xx_HAL_Driver/Src/stm32f7xx_hal_exti.c ****   * @brief  Handle EXTI interrupt request.
 431:Drivers/STM32F7xx_HAL_Driver/Src/stm32f7xx_hal_exti.c ****   * @param  hexti Exti handle.
 432:Drivers/STM32F7xx_HAL_Driver/Src/stm32f7xx_hal_exti.c ****   * @retval none.
 433:Drivers/STM32F7xx_HAL_Driver/Src/stm32f7xx_hal_exti.c ****   */
 434:Drivers/STM32F7xx_HAL_Driver/Src/stm32f7xx_hal_exti.c **** void HAL_EXTI_IRQHandler(EXTI_HandleTypeDef *hexti)
 435:Drivers/STM32F7xx_HAL_Driver/Src/stm32f7xx_hal_exti.c **** {
 649              		.loc 1 435 1 is_stmt 1 view -0
 650              		.cfi_startproc
 651              		@ args = 0, pretend = 0, frame = 0
 652              		@ frame_needed = 0, uses_anonymous_args = 0
 653              		.loc 1 435 1 is_stmt 0 view .LVU212
 654 0000 08B5     		push	{r3, lr}
 655              	.LCFI7:
 656              		.cfi_def_cfa_offset 8
 657              		.cfi_offset 3, -8
 658              		.cfi_offset 14, -4
 436:Drivers/STM32F7xx_HAL_Driver/Src/stm32f7xx_hal_exti.c ****   uint32_t regval;
ARM GAS  /tmp/ccBjpfdp.s 			page 21


 659              		.loc 1 436 3 is_stmt 1 view .LVU213
 437:Drivers/STM32F7xx_HAL_Driver/Src/stm32f7xx_hal_exti.c ****   uint32_t maskline;
 660              		.loc 1 437 3 view .LVU214
 438:Drivers/STM32F7xx_HAL_Driver/Src/stm32f7xx_hal_exti.c **** 
 439:Drivers/STM32F7xx_HAL_Driver/Src/stm32f7xx_hal_exti.c ****   /* Compute line mask */
 440:Drivers/STM32F7xx_HAL_Driver/Src/stm32f7xx_hal_exti.c ****   maskline = (1uL << (hexti->Line & EXTI_PIN_MASK));
 661              		.loc 1 440 3 view .LVU215
 662              		.loc 1 440 28 is_stmt 0 view .LVU216
 663 0002 0368     		ldr	r3, [r0]
 664              		.loc 1 440 35 view .LVU217
 665 0004 03F01F02 		and	r2, r3, #31
 666              		.loc 1 440 12 view .LVU218
 667 0008 0123     		movs	r3, #1
 668 000a 9340     		lsls	r3, r3, r2
 669              	.LVL51:
 441:Drivers/STM32F7xx_HAL_Driver/Src/stm32f7xx_hal_exti.c **** 
 442:Drivers/STM32F7xx_HAL_Driver/Src/stm32f7xx_hal_exti.c ****   /* Get pending bit  */
 443:Drivers/STM32F7xx_HAL_Driver/Src/stm32f7xx_hal_exti.c ****   regval = (EXTI->PR & maskline);
 670              		.loc 1 443 3 is_stmt 1 view .LVU219
 671              		.loc 1 443 17 is_stmt 0 view .LVU220
 672 000c 044A     		ldr	r2, .L53
 673 000e 5269     		ldr	r2, [r2, #20]
 674              	.LVL52:
 444:Drivers/STM32F7xx_HAL_Driver/Src/stm32f7xx_hal_exti.c ****   if (regval != 0x00u)
 675              		.loc 1 444 3 is_stmt 1 view .LVU221
 676              		.loc 1 444 6 is_stmt 0 view .LVU222
 677 0010 1A42     		tst	r2, r3
 678 0012 04D0     		beq	.L50
 445:Drivers/STM32F7xx_HAL_Driver/Src/stm32f7xx_hal_exti.c ****   {
 446:Drivers/STM32F7xx_HAL_Driver/Src/stm32f7xx_hal_exti.c ****     /* Clear pending bit */
 447:Drivers/STM32F7xx_HAL_Driver/Src/stm32f7xx_hal_exti.c ****     EXTI->PR = maskline;
 679              		.loc 1 447 5 is_stmt 1 view .LVU223
 680              		.loc 1 447 14 is_stmt 0 view .LVU224
 681 0014 024A     		ldr	r2, .L53
 682              	.LVL53:
 683              		.loc 1 447 14 view .LVU225
 684 0016 5361     		str	r3, [r2, #20]
 448:Drivers/STM32F7xx_HAL_Driver/Src/stm32f7xx_hal_exti.c **** 
 449:Drivers/STM32F7xx_HAL_Driver/Src/stm32f7xx_hal_exti.c ****     /* Call callback */
 450:Drivers/STM32F7xx_HAL_Driver/Src/stm32f7xx_hal_exti.c ****     if (hexti->PendingCallback != NULL)
 685              		.loc 1 450 5 is_stmt 1 view .LVU226
 686              		.loc 1 450 14 is_stmt 0 view .LVU227
 687 0018 4368     		ldr	r3, [r0, #4]
 688              	.LVL54:
 689              		.loc 1 450 8 view .LVU228
 690 001a 03B1     		cbz	r3, .L50
 451:Drivers/STM32F7xx_HAL_Driver/Src/stm32f7xx_hal_exti.c ****     {
 452:Drivers/STM32F7xx_HAL_Driver/Src/stm32f7xx_hal_exti.c ****       hexti->PendingCallback();
 691              		.loc 1 452 7 is_stmt 1 view .LVU229
 692 001c 9847     		blx	r3
 693              	.LVL55:
 694              	.L50:
 453:Drivers/STM32F7xx_HAL_Driver/Src/stm32f7xx_hal_exti.c ****     }
 454:Drivers/STM32F7xx_HAL_Driver/Src/stm32f7xx_hal_exti.c ****   }
 455:Drivers/STM32F7xx_HAL_Driver/Src/stm32f7xx_hal_exti.c **** }
 695              		.loc 1 455 1 is_stmt 0 view .LVU230
 696 001e 08BD     		pop	{r3, pc}
ARM GAS  /tmp/ccBjpfdp.s 			page 22


 697              	.L54:
 698              		.align	2
 699              	.L53:
 700 0020 003C0140 		.word	1073822720
 701              		.cfi_endproc
 702              	.LFE146:
 704              		.section	.text.HAL_EXTI_GetPending,"ax",%progbits
 705              		.align	1
 706              		.global	HAL_EXTI_GetPending
 707              		.syntax unified
 708              		.thumb
 709              		.thumb_func
 711              	HAL_EXTI_GetPending:
 712              	.LVL56:
 713              	.LFB147:
 456:Drivers/STM32F7xx_HAL_Driver/Src/stm32f7xx_hal_exti.c **** 
 457:Drivers/STM32F7xx_HAL_Driver/Src/stm32f7xx_hal_exti.c **** /**
 458:Drivers/STM32F7xx_HAL_Driver/Src/stm32f7xx_hal_exti.c ****   * @brief  Get interrupt pending bit of a dedicated line.
 459:Drivers/STM32F7xx_HAL_Driver/Src/stm32f7xx_hal_exti.c ****   * @param  hexti Exti handle.
 460:Drivers/STM32F7xx_HAL_Driver/Src/stm32f7xx_hal_exti.c ****   * @param  Edge Specify which pending edge as to be checked.
 461:Drivers/STM32F7xx_HAL_Driver/Src/stm32f7xx_hal_exti.c ****   *         This parameter can be one of the following values:
 462:Drivers/STM32F7xx_HAL_Driver/Src/stm32f7xx_hal_exti.c ****   *           @arg @ref EXTI_TRIGGER_RISING_FALLING
 463:Drivers/STM32F7xx_HAL_Driver/Src/stm32f7xx_hal_exti.c ****   *         This parameter is kept for compatibility with other series.
 464:Drivers/STM32F7xx_HAL_Driver/Src/stm32f7xx_hal_exti.c ****   * @retval 1 if interrupt is pending else 0.
 465:Drivers/STM32F7xx_HAL_Driver/Src/stm32f7xx_hal_exti.c ****   */
 466:Drivers/STM32F7xx_HAL_Driver/Src/stm32f7xx_hal_exti.c **** uint32_t HAL_EXTI_GetPending(EXTI_HandleTypeDef *hexti, uint32_t Edge)
 467:Drivers/STM32F7xx_HAL_Driver/Src/stm32f7xx_hal_exti.c **** {
 714              		.loc 1 467 1 is_stmt 1 view -0
 715              		.cfi_startproc
 716              		@ args = 0, pretend = 0, frame = 0
 717              		@ frame_needed = 0, uses_anonymous_args = 0
 718              		@ link register save eliminated.
 468:Drivers/STM32F7xx_HAL_Driver/Src/stm32f7xx_hal_exti.c ****   uint32_t regval;
 719              		.loc 1 468 3 view .LVU232
 469:Drivers/STM32F7xx_HAL_Driver/Src/stm32f7xx_hal_exti.c ****   uint32_t linepos;
 720              		.loc 1 469 3 view .LVU233
 470:Drivers/STM32F7xx_HAL_Driver/Src/stm32f7xx_hal_exti.c ****   uint32_t maskline;
 721              		.loc 1 470 3 view .LVU234
 471:Drivers/STM32F7xx_HAL_Driver/Src/stm32f7xx_hal_exti.c **** 
 472:Drivers/STM32F7xx_HAL_Driver/Src/stm32f7xx_hal_exti.c ****   /* Check parameters */
 473:Drivers/STM32F7xx_HAL_Driver/Src/stm32f7xx_hal_exti.c ****   assert_param(IS_EXTI_LINE(hexti->Line));
 722              		.loc 1 473 3 view .LVU235
 474:Drivers/STM32F7xx_HAL_Driver/Src/stm32f7xx_hal_exti.c ****   assert_param(IS_EXTI_CONFIG_LINE(hexti->Line));
 723              		.loc 1 474 3 view .LVU236
 475:Drivers/STM32F7xx_HAL_Driver/Src/stm32f7xx_hal_exti.c ****   assert_param(IS_EXTI_PENDING_EDGE(Edge));
 724              		.loc 1 475 3 view .LVU237
 476:Drivers/STM32F7xx_HAL_Driver/Src/stm32f7xx_hal_exti.c **** 
 477:Drivers/STM32F7xx_HAL_Driver/Src/stm32f7xx_hal_exti.c ****   /* Compute line mask */
 478:Drivers/STM32F7xx_HAL_Driver/Src/stm32f7xx_hal_exti.c ****   linepos = (hexti->Line & EXTI_PIN_MASK);
 725              		.loc 1 478 3 view .LVU238
 726              		.loc 1 478 19 is_stmt 0 view .LVU239
 727 0000 0368     		ldr	r3, [r0]
 728              		.loc 1 478 11 view .LVU240
 729 0002 03F01F03 		and	r3, r3, #31
 730              	.LVL57:
 479:Drivers/STM32F7xx_HAL_Driver/Src/stm32f7xx_hal_exti.c ****   maskline = (1uL << linepos);
 731              		.loc 1 479 3 is_stmt 1 view .LVU241
ARM GAS  /tmp/ccBjpfdp.s 			page 23


 732              		.loc 1 479 12 is_stmt 0 view .LVU242
 733 0006 0122     		movs	r2, #1
 734 0008 9A40     		lsls	r2, r2, r3
 735              	.LVL58:
 480:Drivers/STM32F7xx_HAL_Driver/Src/stm32f7xx_hal_exti.c **** 
 481:Drivers/STM32F7xx_HAL_Driver/Src/stm32f7xx_hal_exti.c ****   /* return 1 if bit is set else 0 */
 482:Drivers/STM32F7xx_HAL_Driver/Src/stm32f7xx_hal_exti.c ****   regval = ((EXTI->PR & maskline) >> linepos);
 736              		.loc 1 482 3 is_stmt 1 view .LVU243
 737              		.loc 1 482 18 is_stmt 0 view .LVU244
 738 000a 0249     		ldr	r1, .L56
 739              	.LVL59:
 740              		.loc 1 482 18 view .LVU245
 741 000c 4869     		ldr	r0, [r1, #20]
 742              	.LVL60:
 743              		.loc 1 482 23 view .LVU246
 744 000e 1040     		ands	r0, r0, r2
 745              	.LVL61:
 483:Drivers/STM32F7xx_HAL_Driver/Src/stm32f7xx_hal_exti.c ****   return regval;
 746              		.loc 1 483 3 is_stmt 1 view .LVU247
 484:Drivers/STM32F7xx_HAL_Driver/Src/stm32f7xx_hal_exti.c **** }
 747              		.loc 1 484 1 is_stmt 0 view .LVU248
 748 0010 D840     		lsrs	r0, r0, r3
 749              	.LVL62:
 750              		.loc 1 484 1 view .LVU249
 751 0012 7047     		bx	lr
 752              	.L57:
 753              		.align	2
 754              	.L56:
 755 0014 003C0140 		.word	1073822720
 756              		.cfi_endproc
 757              	.LFE147:
 759              		.section	.text.HAL_EXTI_ClearPending,"ax",%progbits
 760              		.align	1
 761              		.global	HAL_EXTI_ClearPending
 762              		.syntax unified
 763              		.thumb
 764              		.thumb_func
 766              	HAL_EXTI_ClearPending:
 767              	.LVL63:
 768              	.LFB148:
 485:Drivers/STM32F7xx_HAL_Driver/Src/stm32f7xx_hal_exti.c **** 
 486:Drivers/STM32F7xx_HAL_Driver/Src/stm32f7xx_hal_exti.c **** /**
 487:Drivers/STM32F7xx_HAL_Driver/Src/stm32f7xx_hal_exti.c ****   * @brief  Clear interrupt pending bit of a dedicated line.
 488:Drivers/STM32F7xx_HAL_Driver/Src/stm32f7xx_hal_exti.c ****   * @param  hexti Exti handle.
 489:Drivers/STM32F7xx_HAL_Driver/Src/stm32f7xx_hal_exti.c ****   * @param  Edge Specify which pending edge as to be clear.
 490:Drivers/STM32F7xx_HAL_Driver/Src/stm32f7xx_hal_exti.c ****   *         This parameter can be one of the following values:
 491:Drivers/STM32F7xx_HAL_Driver/Src/stm32f7xx_hal_exti.c ****   *           @arg @ref EXTI_TRIGGER_RISING_FALLING
 492:Drivers/STM32F7xx_HAL_Driver/Src/stm32f7xx_hal_exti.c ****   *         This parameter is kept for compatibility with other series.
 493:Drivers/STM32F7xx_HAL_Driver/Src/stm32f7xx_hal_exti.c ****   * @retval None.
 494:Drivers/STM32F7xx_HAL_Driver/Src/stm32f7xx_hal_exti.c ****   */
 495:Drivers/STM32F7xx_HAL_Driver/Src/stm32f7xx_hal_exti.c **** void HAL_EXTI_ClearPending(EXTI_HandleTypeDef *hexti, uint32_t Edge)
 496:Drivers/STM32F7xx_HAL_Driver/Src/stm32f7xx_hal_exti.c **** {
 769              		.loc 1 496 1 is_stmt 1 view -0
 770              		.cfi_startproc
 771              		@ args = 0, pretend = 0, frame = 0
 772              		@ frame_needed = 0, uses_anonymous_args = 0
 773              		@ link register save eliminated.
ARM GAS  /tmp/ccBjpfdp.s 			page 24


 497:Drivers/STM32F7xx_HAL_Driver/Src/stm32f7xx_hal_exti.c ****   uint32_t maskline;
 774              		.loc 1 497 3 view .LVU251
 498:Drivers/STM32F7xx_HAL_Driver/Src/stm32f7xx_hal_exti.c **** 
 499:Drivers/STM32F7xx_HAL_Driver/Src/stm32f7xx_hal_exti.c ****   /* Check parameters */
 500:Drivers/STM32F7xx_HAL_Driver/Src/stm32f7xx_hal_exti.c ****   assert_param(IS_EXTI_LINE(hexti->Line));
 775              		.loc 1 500 3 view .LVU252
 501:Drivers/STM32F7xx_HAL_Driver/Src/stm32f7xx_hal_exti.c ****   assert_param(IS_EXTI_CONFIG_LINE(hexti->Line));
 776              		.loc 1 501 3 view .LVU253
 502:Drivers/STM32F7xx_HAL_Driver/Src/stm32f7xx_hal_exti.c ****   assert_param(IS_EXTI_PENDING_EDGE(Edge));
 777              		.loc 1 502 3 view .LVU254
 503:Drivers/STM32F7xx_HAL_Driver/Src/stm32f7xx_hal_exti.c **** 
 504:Drivers/STM32F7xx_HAL_Driver/Src/stm32f7xx_hal_exti.c ****   /* Compute line mask */
 505:Drivers/STM32F7xx_HAL_Driver/Src/stm32f7xx_hal_exti.c ****   maskline = (1uL << (hexti->Line & EXTI_PIN_MASK));
 778              		.loc 1 505 3 view .LVU255
 779              		.loc 1 505 28 is_stmt 0 view .LVU256
 780 0000 0268     		ldr	r2, [r0]
 781              		.loc 1 505 35 view .LVU257
 782 0002 02F01F02 		and	r2, r2, #31
 783              		.loc 1 505 12 view .LVU258
 784 0006 0123     		movs	r3, #1
 785 0008 9340     		lsls	r3, r3, r2
 786              	.LVL64:
 506:Drivers/STM32F7xx_HAL_Driver/Src/stm32f7xx_hal_exti.c **** 
 507:Drivers/STM32F7xx_HAL_Driver/Src/stm32f7xx_hal_exti.c ****   /* Clear Pending bit */
 508:Drivers/STM32F7xx_HAL_Driver/Src/stm32f7xx_hal_exti.c ****   EXTI->PR =  maskline;
 787              		.loc 1 508 3 is_stmt 1 view .LVU259
 788              		.loc 1 508 12 is_stmt 0 view .LVU260
 789 000a 014A     		ldr	r2, .L59
 790 000c 5361     		str	r3, [r2, #20]
 509:Drivers/STM32F7xx_HAL_Driver/Src/stm32f7xx_hal_exti.c **** }
 791              		.loc 1 509 1 view .LVU261
 792 000e 7047     		bx	lr
 793              	.L60:
 794              		.align	2
 795              	.L59:
 796 0010 003C0140 		.word	1073822720
 797              		.cfi_endproc
 798              	.LFE148:
 800              		.section	.text.HAL_EXTI_GenerateSWI,"ax",%progbits
 801              		.align	1
 802              		.global	HAL_EXTI_GenerateSWI
 803              		.syntax unified
 804              		.thumb
 805              		.thumb_func
 807              	HAL_EXTI_GenerateSWI:
 808              	.LVL65:
 809              	.LFB149:
 510:Drivers/STM32F7xx_HAL_Driver/Src/stm32f7xx_hal_exti.c **** 
 511:Drivers/STM32F7xx_HAL_Driver/Src/stm32f7xx_hal_exti.c **** /**
 512:Drivers/STM32F7xx_HAL_Driver/Src/stm32f7xx_hal_exti.c ****   * @brief  Generate a software interrupt for a dedicated line.
 513:Drivers/STM32F7xx_HAL_Driver/Src/stm32f7xx_hal_exti.c ****   * @param  hexti Exti handle.
 514:Drivers/STM32F7xx_HAL_Driver/Src/stm32f7xx_hal_exti.c ****   * @retval None.
 515:Drivers/STM32F7xx_HAL_Driver/Src/stm32f7xx_hal_exti.c ****   */
 516:Drivers/STM32F7xx_HAL_Driver/Src/stm32f7xx_hal_exti.c **** void HAL_EXTI_GenerateSWI(EXTI_HandleTypeDef *hexti)
 517:Drivers/STM32F7xx_HAL_Driver/Src/stm32f7xx_hal_exti.c **** {
 810              		.loc 1 517 1 is_stmt 1 view -0
 811              		.cfi_startproc
ARM GAS  /tmp/ccBjpfdp.s 			page 25


 812              		@ args = 0, pretend = 0, frame = 0
 813              		@ frame_needed = 0, uses_anonymous_args = 0
 814              		@ link register save eliminated.
 518:Drivers/STM32F7xx_HAL_Driver/Src/stm32f7xx_hal_exti.c ****   uint32_t maskline;
 815              		.loc 1 518 3 view .LVU263
 519:Drivers/STM32F7xx_HAL_Driver/Src/stm32f7xx_hal_exti.c **** 
 520:Drivers/STM32F7xx_HAL_Driver/Src/stm32f7xx_hal_exti.c ****   /* Check parameters */
 521:Drivers/STM32F7xx_HAL_Driver/Src/stm32f7xx_hal_exti.c ****   assert_param(IS_EXTI_LINE(hexti->Line));
 816              		.loc 1 521 3 view .LVU264
 522:Drivers/STM32F7xx_HAL_Driver/Src/stm32f7xx_hal_exti.c ****   assert_param(IS_EXTI_CONFIG_LINE(hexti->Line));
 817              		.loc 1 522 3 view .LVU265
 523:Drivers/STM32F7xx_HAL_Driver/Src/stm32f7xx_hal_exti.c **** 
 524:Drivers/STM32F7xx_HAL_Driver/Src/stm32f7xx_hal_exti.c ****   /* Compute line mask */
 525:Drivers/STM32F7xx_HAL_Driver/Src/stm32f7xx_hal_exti.c ****   maskline = (1uL << (hexti->Line & EXTI_PIN_MASK));
 818              		.loc 1 525 3 view .LVU266
 819              		.loc 1 525 28 is_stmt 0 view .LVU267
 820 0000 0268     		ldr	r2, [r0]
 821              		.loc 1 525 35 view .LVU268
 822 0002 02F01F02 		and	r2, r2, #31
 823              		.loc 1 525 12 view .LVU269
 824 0006 0123     		movs	r3, #1
 825 0008 9340     		lsls	r3, r3, r2
 826              	.LVL66:
 526:Drivers/STM32F7xx_HAL_Driver/Src/stm32f7xx_hal_exti.c **** 
 527:Drivers/STM32F7xx_HAL_Driver/Src/stm32f7xx_hal_exti.c ****   /* Generate Software interrupt */
 528:Drivers/STM32F7xx_HAL_Driver/Src/stm32f7xx_hal_exti.c ****   EXTI->SWIER = maskline;
 827              		.loc 1 528 3 is_stmt 1 view .LVU270
 828              		.loc 1 528 15 is_stmt 0 view .LVU271
 829 000a 014A     		ldr	r2, .L62
 830 000c 1361     		str	r3, [r2, #16]
 529:Drivers/STM32F7xx_HAL_Driver/Src/stm32f7xx_hal_exti.c **** }
 831              		.loc 1 529 1 view .LVU272
 832 000e 7047     		bx	lr
 833              	.L63:
 834              		.align	2
 835              	.L62:
 836 0010 003C0140 		.word	1073822720
 837              		.cfi_endproc
 838              	.LFE149:
 840              		.text
 841              	.Letext0:
 842              		.file 2 "/home/romet/st/stm32cubeide_1.13.2_2/plugins/com.st.stm32cube.ide.mcu.externaltools.gnu-t
 843              		.file 3 "/home/romet/st/stm32cubeide_1.13.2_2/plugins/com.st.stm32cube.ide.mcu.externaltools.gnu-t
 844              		.file 4 "Drivers/CMSIS/Device/ST/STM32F7xx/Include/stm32f767xx.h"
 845              		.file 5 "Drivers/STM32F7xx_HAL_Driver/Inc/stm32f7xx_hal_def.h"
 846              		.file 6 "Drivers/STM32F7xx_HAL_Driver/Inc/stm32f7xx_hal_exti.h"
ARM GAS  /tmp/ccBjpfdp.s 			page 26


DEFINED SYMBOLS
                            *ABS*:0000000000000000 stm32f7xx_hal_exti.c
     /tmp/ccBjpfdp.s:19     .text.HAL_EXTI_SetConfigLine:0000000000000000 $t
     /tmp/ccBjpfdp.s:25     .text.HAL_EXTI_SetConfigLine:0000000000000000 HAL_EXTI_SetConfigLine
     /tmp/ccBjpfdp.s:235    .text.HAL_EXTI_SetConfigLine:00000000000000cc $d
     /tmp/ccBjpfdp.s:241    .text.HAL_EXTI_GetConfigLine:0000000000000000 $t
     /tmp/ccBjpfdp.s:247    .text.HAL_EXTI_GetConfigLine:0000000000000000 HAL_EXTI_GetConfigLine
     /tmp/ccBjpfdp.s:405    .text.HAL_EXTI_GetConfigLine:000000000000009c $d
     /tmp/ccBjpfdp.s:411    .text.HAL_EXTI_ClearConfigLine:0000000000000000 $t
     /tmp/ccBjpfdp.s:417    .text.HAL_EXTI_ClearConfigLine:0000000000000000 HAL_EXTI_ClearConfigLine
     /tmp/ccBjpfdp.s:557    .text.HAL_EXTI_ClearConfigLine:000000000000007c $d
     /tmp/ccBjpfdp.s:563    .text.HAL_EXTI_RegisterCallback:0000000000000000 $t
     /tmp/ccBjpfdp.s:569    .text.HAL_EXTI_RegisterCallback:0000000000000000 HAL_EXTI_RegisterCallback
     /tmp/ccBjpfdp.s:602    .text.HAL_EXTI_GetHandle:0000000000000000 $t
     /tmp/ccBjpfdp.s:608    .text.HAL_EXTI_GetHandle:0000000000000000 HAL_EXTI_GetHandle
     /tmp/ccBjpfdp.s:640    .text.HAL_EXTI_IRQHandler:0000000000000000 $t
     /tmp/ccBjpfdp.s:646    .text.HAL_EXTI_IRQHandler:0000000000000000 HAL_EXTI_IRQHandler
     /tmp/ccBjpfdp.s:700    .text.HAL_EXTI_IRQHandler:0000000000000020 $d
     /tmp/ccBjpfdp.s:705    .text.HAL_EXTI_GetPending:0000000000000000 $t
     /tmp/ccBjpfdp.s:711    .text.HAL_EXTI_GetPending:0000000000000000 HAL_EXTI_GetPending
     /tmp/ccBjpfdp.s:755    .text.HAL_EXTI_GetPending:0000000000000014 $d
     /tmp/ccBjpfdp.s:760    .text.HAL_EXTI_ClearPending:0000000000000000 $t
     /tmp/ccBjpfdp.s:766    .text.HAL_EXTI_ClearPending:0000000000000000 HAL_EXTI_ClearPending
     /tmp/ccBjpfdp.s:796    .text.HAL_EXTI_ClearPending:0000000000000010 $d
     /tmp/ccBjpfdp.s:801    .text.HAL_EXTI_GenerateSWI:0000000000000000 $t
     /tmp/ccBjpfdp.s:807    .text.HAL_EXTI_GenerateSWI:0000000000000000 HAL_EXTI_GenerateSWI
     /tmp/ccBjpfdp.s:836    .text.HAL_EXTI_GenerateSWI:0000000000000010 $d

NO UNDEFINED SYMBOLS
